Intercepted relative path: /x
Intercepted relative path: /auth/register
Intercepted relative path: /auth/me
Intercepted relative path: /auth/me
Intercepted relative path: /auth/register
Intercepted relative path: /auth/login
Intercepted relative path: /auth/login
Intercepted relative path: /cars/2
Intercepted relative path: /auth/login
Intercepted relative path: /auth/login
Intercepted relative path: /auth/register
Intercepted relative path: /auth/register
Intercepted relative path: /auth/register
Intercepted relative path: /auth/register
🔍 Reached /auth/register route
📥 Received data: {"name":"John Doea","email":"johne@eexampleee.com","password":"secrete"}
Entered register() with: {"name":"John Doea","email":"johne@eexampleee.com","password":"secrete"}
Created user: {"id":5,"name":"John Doea","email":"johne@eexampleee.com","role":""}
✅ Registered user: {"id":5,"name":"John Doea","email":"johne@eexampleee.com","role":""}
🔍 Reached /auth/register route
📥 Received data: {"name":"John Doea","email":"johne@eexample.com","password":"secretes"}
Entered register() with: {"name":"John Doea","email":"johne@eexample.com","password":"secretes"}
Created user: {"id":6,"name":"John Doea","email":"johne@eexample.com","role":""}
✅ Registered user: {"id":6,"name":"John Doea","email":"johne@eexample.com","role":""}
Login data: {"email":"johne@eexampleee.com","password":"secrete"}
Token generated: eyJ0eXAiOiJKV1QiLCJhbGciOiJIUzI1NiJ9.eyJ1c2VyX2lkIjo1LCJyb2xlIjoiIiwiZXhwIjoxNzQ4MTc2MDEzfQ.4yggE6C7_4iL74qyJplhl1MpPbIjFp3I3toN9xK_zuM
Intercepted relative path: /auth/users
Intercepted relative path: /auth/users
Intercepted relative path: /auth/users
Intercepted relative path: /auth/users
Intercepted relative path: /auth/register
🔍 Reached /auth/register route
📥 Received data: {"name":"Alice Smith","email":"alice@pesd.com","password":"strongpassword","role":"user"}
Entered register() with: {"name":"Alice Smith","email":"alice@pesd.com","password":"strongpassword","role":"user"}
Created user: {"id":7,"name":"Alice Smith","email":"alice@pesd.com","role":""}
✅ Registered user: {"id":7,"name":"Alice Smith","email":"alice@pesd.com","role":""}
🔍 Reached /auth/register route
📥 Received data: {"name":"Alice Smith","email":"alice@ERS.com","password":"strongpasswords","role":"user"}
Entered register() with: {"name":"Alice Smith","email":"alice@ERS.com","password":"strongpasswords","role":"user"}
Created user: {"id":8,"name":"Alice Smith","email":"alice@ERS.com","role":""}
✅ Registered user: {"id":8,"name":"Alice Smith","email":"alice@ERS.com","role":""}
🔍 Reached /auth/register route
📥 Received data: {"name":"Alice Smith","email":"alice@ERSs.com","password":"strongpassworde","role":"user"}
Entered register() with: {"name":"Alice Smith","email":"alice@ERSs.com","password":"strongpassworde","role":"user"}
Created user: {"id":9,"name":"Alice Smith","email":"alice@ERSs.com","role":""}
✅ Registered user: {"id":9,"name":"Alice Smith","email":"alice@ERSs.com","role":""}
Login data: {"email":"alice@ERSs.com","password":"strongpassworde"}
Token generated: eyJ0eXAiOiJKV1QiLCJhbGciOiJIUzI1NiJ9.eyJ1c2VyIjp7ImlkIjo5LCJyb2xlIjoiIiwibmFtZSI6IkFsaWNlIFNtaXRoIiwiZW1haWwiOiJhbGljZUBFUlNzLmNvbSJ9LCJleHAiOjE3NDgxNzgwODd9.QhqxCHHc3jqQeZNvp-holLPq_4_ZAxKUotDjivWwESY
Intercepted relative path: /users
Intercepted relative path: /users
Intercepted relative path: /users
Intercepted relative path: /users
Intercepted relative path: /users
🔐 Headers: {"Authorization":"Authorization: Bearer eyJ0eXAiOiJKV1QiLCJhbGciOiJIUzI1NiJ9.eyJ1c2VyIjp7ImlkIjo5LCJyb2xlIjoiIiwibmFtZSI6IkFsaWNlIFNtaXRoIiwiZW1haWwiOiJhbGljZUBFUlNzLmNvbSJ9LCJleHAiOjE3NDgxNzgwODd9.QhqxCHHc3jqQeZNvp-holLPq_4_ZAxKUotDjivWwESY","Content-Type":"application\/json","User-Agent":"PostmanRuntime\/7.44.0","Accept":"*\/*","Postman-Token":"b52a4ffd-b45a-4307-9a3b-fbd214755dbb","Host":"localhost","Accept-Encoding":"gzip, deflate, br","Connection":"keep-alive","Content-Length":"69"}
❌ JWT Decode Error: Unexpected control character found
Intercepted relative path: /users
🔐 Headers: {"Authorization":"Bearer eyJ0eXAiOiJKV1QiLCJhbGciOiJIUzI1NiJ9.eyJ1c2VyIjp7ImlkIjo5LCJyb2xlIjoiIiwibmFtZSI6IkFsaWNlIFNtaXRoIiwiZW1haWwiOiJhbGljZUBFUlNzLmNvbSJ9LCJleHAiOjE3NDgxNzgwODd9.QhqxCHHc3jqQeZNvp-holLPq_4_ZAxKUotDjivWwESY","Content-Type":"application\/json","User-Agent":"PostmanRuntime\/7.44.0","Accept":"*\/*","Postman-Token":"4172377b-845c-40ee-b8b3-7847b4cb0fe3","Host":"localhost","Accept-Encoding":"gzip, deflate, br","Connection":"keep-alive","Content-Length":"69"}
🔍 Reached /auth/register route
📥 Received data: {"name":"Alice Smith","email":"alice@examplex.com","password":"strongpasswordw","role":"user"}
Entered register() with: {"name":"Alice Smith","email":"alice@examplex.com","password":"strongpasswordw","role":"user"}
Created user: {"id":10,"name":"Alice Smith","email":"alice@examplex.com","role":""}
✅ Registered user: {"id":10,"name":"Alice Smith","email":"alice@examplex.com","role":""}
🔍 Reached /auth/register route
📥 Received data: {"name":"Alice Smith","email":"alice@example.com","password":"strongpassword123","role":"user"}
Entered register() with: {"name":"Alice Smith","email":"alice@example.com","password":"strongpassword123","role":"user"}
Created user: {"id":11,"name":"Alice Smith","email":"alice@example.com","role":""}
✅ Registered user: {"id":11,"name":"Alice Smith","email":"alice@example.com","role":""}
Login data: []
Login failed: Undefined array key "email"
Login data: {"email":"alice@example.com","password":"strongpassword123"}
Token generated: eyJ0eXAiOiJKV1QiLCJhbGciOiJIUzI1NiJ9.eyJ1c2VyIjp7ImlkIjoxMSwicm9sZSI6IiIsIm5hbWUiOiJBbGljZSBTbWl0aCIsImVtYWlsIjoiYWxpY2VAZXhhbXBsZS5jb20ifSwiZXhwIjoxNzQ4MTgyNzk2fQ.8YmCb9dstMj7qOPNjagP7-NrydDqrF-rHD5IAHwUMUw
Intercepted relative path: /users
🔐 Headers: {"Authorization":"Bearer eyJ0eXAiOiJKV1QiLCJhbGciOiJIUzI1NiJ9.eyJ1c2VyIjp7ImlkIjoxMSwicm9sZSI6IiIsIm5hbWUiOiJBbGljZSBTbWl0aCIsImVtYWlsIjoiYWxpY2VAZXhhbXBsZS5jb20ifSwiZXhwIjoxNzQ4MTgyNzk2fQ.8YmCb9dstMj7qOPNjagP7-NrydDqrF-rHD5IAHwUMUw","Content-Type":"application\/json","User-Agent":"PostmanRuntime\/7.44.0","Accept":"*\/*","Postman-Token":"755490ed-687a-4f4b-ae7b-157a1600d7f1","Host":"localhost","Accept-Encoding":"gzip, deflate, br","Connection":"keep-alive","Content-Length":"2"}
Intercepted relative path: /users
🔐 Headers: {"Authorization":"Bearer eyJ0eXAiOiJKV1QiLCJhbGciOiJIUzI1NiJ9.eyJ1c2VyIjp7ImlkIjoxMSwicm9sZSI6IiIsIm5hbWUiOiJBbGljZSBTbWl0aCIsImVtYWlsIjoiYWxpY2VAZXhhbXBsZS5jb20ifSwiZXhwIjoxNzQ4MTgyNzk2fQ.8YmCb9dstMj7qOPNjagP7-NrydDqrF-rHD5IAHwUMUw","Content-Type":"application\/json","User-Agent":"PostmanRuntime\/7.44.0","Accept":"*\/*","Postman-Token":"6aab4a47-92d3-438a-9d50-0e2086edea28","Host":"localhost","Accept-Encoding":"gzip, deflate, br","Connection":"keep-alive","Content-Length":"2"}
🔍 Reached /auth/register route
📥 Received data: {"name":"Alice Smith","email":"alice@example.com","password":"secret123","role":"user"}
Entered register() with: {"name":"Alice Smith","email":"alice@example.com","password":"secret123","role":"user"}
❌ Register failed: SQLSTATE[23000]: Integrity constraint violation: 1062 Duplicate entry 'alice@example.com' for key 'email'
🔍 Reached /auth/register route
📥 Received data: {"name":"Alice Smith","email":"alice@examplee.com","password":"secret123","role":"user"}
Entered register() with: {"name":"Alice Smith","email":"alice@examplee.com","password":"secret123","role":"user"}
Created user: {"id":13,"name":"Alice Smith","email":"alice@examplee.com","role":""}
✅ Registered user: {"id":13,"name":"Alice Smith","email":"alice@examplee.com","role":""}
🔍 Reached /auth/register route
📥 Received data: {"name":"Alice Smith","email":"alice@examplees.com","password":"secret123","role":"user"}
Entered register() with: {"name":"Alice Smith","email":"alice@examplees.com","password":"secret123","role":"user"}
Created user: {"id":14,"name":"Alice Smith","email":"alice@examplees.com","role":""}
✅ Registered user: {"id":14,"name":"Alice Smith","email":"alice@examplees.com","role":""}
🔍 Reached /auth/register route
📥 Received data: {"name":"Alice Smith","email":"alice@exampleess.com","password":"secret123","role":"user"}
Entered register() with: {"name":"Alice Smith","email":"alice@exampleess.com","password":"secret123","role":"user"}
Created user: {"id":"15","name":"Alice Smith","email":"alice@exampleess.com","role":"user"}
✅ Registered user: {"id":"15","name":"Alice Smith","email":"alice@exampleess.com","role":"user"}
Login data: {"email":"alice@exampleess.com","password":"secret123"}
Token generated: eyJ0eXAiOiJKV1QiLCJhbGciOiJIUzI1NiJ9.eyJ1c2VyIjp7ImlkIjoxNSwicm9sZSI6IiIsIm5hbWUiOiJBbGljZSBTbWl0aCIsImVtYWlsIjoiYWxpY2VAZXhhbXBsZWVzcy5jb20ifSwiZXhwIjoxNzQ4MTg1MDkzfQ.yp8Zm2eQwwkSMrxcDw2mGBrKzbzeEYJe5x3cCLMIxqA
Intercepted relative path: /users
🔐 Headers: {"Authorization":"Bearer eyJ0eXAiOiJKV1QiLCJhbGciOiJIUzI1NiJ9.eyJ1c2VyIjp7ImlkIjoxNSwicm9sZSI6IiIsIm5hbWUiOiJBbGljZSBTbWl0aCIsImVtYWlsIjoiYWxpY2VAZXhhbXBsZWVzcy5jb20ifSwiZXhwIjoxNzQ4MTg1MDkzfQ.yp8Zm2eQwwkSMrxcDw2mGBrKzbzeEYJe5x3cCLMIxqA","Content-Type":"application\/json","User-Agent":"PostmanRuntime\/7.44.0","Accept":"*\/*","Postman-Token":"e95cedcb-b6d2-4cad-83a5-3f107080abf0","Host":"localhost","Accept-Encoding":"gzip, deflate, br","Connection":"keep-alive","Content-Length":"69"}
🔍 Reached /auth/register route
📥 Received data: {"name":"Alice Smith","email":"alice@exampl.com","password":"secret123","role":"admin"}
Entered register() with: {"name":"Alice Smith","email":"alice@exampl.com","password":"secret123","role":"admin"}
Created user: {"id":"16","name":"Alice Smith","email":"alice@exampl.com","role":"admin"}
✅ Registered user: {"id":"16","name":"Alice Smith","email":"alice@exampl.com","role":"admin"}
Login data: {"email":"alice@exampl.com","password":"secret123"}
Token generated: eyJ0eXAiOiJKV1QiLCJhbGciOiJIUzI1NiJ9.eyJ1c2VyIjp7ImlkIjoxNiwicm9sZSI6ImFkbWluIiwibmFtZSI6IkFsaWNlIFNtaXRoIiwiZW1haWwiOiJhbGljZUBleGFtcGwuY29tIn0sImV4cCI6MTc0ODE4NTM2MH0.mp6gRp0RqOCDj0LvGi_LyWfcqf9vvQ0fttav6vJ0sH4
Intercepted relative path: /users
🔐 Headers: {"Authorization":"Bearer eyJ0eXAiOiJKV1QiLCJhbGciOiJIUzI1NiJ9.eyJ1c2VyIjp7ImlkIjoxNiwicm9sZSI6ImFkbWluIiwibmFtZSI6IkFsaWNlIFNtaXRoIiwiZW1haWwiOiJhbGljZUBleGFtcGwuY29tIn0sImV4cCI6MTc0ODE4NTM2MH0.mp6gRp0RqOCDj0LvGi_LyWfcqf9vvQ0fttav6vJ0sH4","Content-Type":"application\/json","User-Agent":"PostmanRuntime\/7.44.0","Accept":"*\/*","Postman-Token":"b77f1916-1ffa-409b-a06c-7fafe11eb647","Host":"localhost","Accept-Encoding":"gzip, deflate, br","Connection":"keep-alive","Content-Length":"72"}
Intercepted relative path: /users
🔐 Headers: {"Authorization":"BearereyJ0eXAiOiJKV1QiLCJhbGciOiJIUzI1NiJ9.eyJ1c2VyIjp7ImlkIjoxNiwicm9sZSI6ImFkbWluIiwibmFtZSI6IkFsaWNlIFNtaXRoIiwiZW1haWwiOiJhbGljZUBleGFtcGwuY29tIn0sImV4cCI6MTc0ODE4NTM2MH0.mp6gRp0RqOCDj0LvGi_LyWfcqf9vvQ0fttav6vJ0sH4","Content-Type":"application\/json","User-Agent":"PostmanRuntime\/7.44.0","Accept":"*\/*","Postman-Token":"0f6d96b7-f16f-4f26-9d24-fb9e955896b7","Host":"localhost","Accept-Encoding":"gzip, deflate, br","Connection":"keep-alive","Content-Length":"72"}
❌ JWT Decode Error: Unexpected control character found
Intercepted relative path: /users
🔐 Headers: {"Authorization":"Bearer eyJ0eXAiOiJKV1QiLCJhbGciOiJIUzI1NiJ9.eyJ1c2VyIjp7ImlkIjoxNiwicm9sZSI6ImFkbWluIiwibmFtZSI6IkFsaWNlIFNtaXRoIiwiZW1haWwiOiJhbGljZUBleGFtcGwuY29tIn0sImV4cCI6MTc0ODE4NTM2MH0.mp6gRp0RqOCDj0LvGi_LyWfcqf9vvQ0fttav6vJ0sH4","Content-Type":"application\/json","User-Agent":"PostmanRuntime\/7.44.0","Accept":"*\/*","Postman-Token":"b501ae42-3934-404c-a5ea-361912cadc8c","Host":"localhost","Accept-Encoding":"gzip, deflate, br","Connection":"keep-alive","Content-Length":"72"}
Intercepted relative path: /users
🔐 Headers: {"Authorization":"Bearer eyJ0eXAiOiJKV1QiLCJhbGciOiJIUzI1NiJ9.eyJ1c2VyIjp7ImlkIjoxNiwicm9sZSI6ImFkbWluIiwibmFtZSI6IkFsaWNlIFNtaXRoIiwiZW1haWwiOiJhbGljZUBleGFtcGwuY29tIn0sImV4cCI6MTc0ODE4NTM2MH0.mp6gRp0RqOCDj0LvGi_LyWfcqf9vvQ0fttav6vJ0sH4","Content-Type":"application\/json","User-Agent":"PostmanRuntime\/7.44.0","Accept":"*\/*","Postman-Token":"18cdb02d-4c15-4082-9452-1275f0c99c4c","Host":"localhost","Accept-Encoding":"gzip, deflate, br","Connection":"keep-alive","Content-Length":"72"}
Intercepted relative path: /users
🔐 Headers: {"Authorization":"Bearer eyJ0eXAiOiJKV1QiLCJhbGciOiJIUzI1NiJ9.eyJ1c2VyIjp7ImlkIjoxNiwicm9sZSI6ImFkbWluIiwibmFtZSI6IkFsaWNlIFNtaXRoIiwiZW1haWwiOiJhbGljZUBleGFtcGwuY29tIn0sImV4cCI6MTc0ODE4NTM2MH0.mp6gRp0RqOCDj0LvGi_LyWfcqf9vvQ0fttav6vJ0sH4","Content-Type":"application\/json","User-Agent":"PostmanRuntime\/7.44.0","Accept":"*\/*","Postman-Token":"cea74001-6a6b-4b22-bf2f-89223529dac4","Host":"localhost","Accept-Encoding":"gzip, deflate, br","Connection":"keep-alive","Content-Length":"72"}
Intercepted relative path: /users
🔐 Headers: {"Host":"localhost","Connection":"keep-alive","sec-ch-ua-platform":"\"Windows\"","User-Agent":"Mozilla\/5.0 (Windows NT 10.0; Win64; x64) AppleWebKit\/537.36 (KHTML, like Gecko) Chrome\/136.0.0.0 Safari\/537.36","accept":"*\/*","sec-ch-ua":"\"Chromium\";v=\"136\", \"Google Chrome\";v=\"136\", \"Not.A\/Brand\";v=\"99\"","sec-ch-ua-mobile":"?0","Sec-Fetch-Site":"same-origin","Sec-Fetch-Mode":"cors","Sec-Fetch-Dest":"empty","Referer":"http:\/\/localhost\/carRental\/backend\/public\/v1\/docs\/","Accept-Encoding":"gzip, deflate, br, zstd","Accept-Language":"en-US,en;q=0.9,hr;q=0.8"}
Intercepted relative path: /users
🔐 Headers: {"Authorization":"Bearer eyJ0eXAiOiJKV1QiLCJhbGciOiJIUzI1NiJ9.eyJ1c2VyIjp7ImlkIjoxNiwicm9sZSI6ImFkbWluIiwibmFtZSI6IkFsaWNlIFNtaXRoIiwiZW1haWwiOiJhbGljZUBleGFtcGwuY29tIn0sImV4cCI6MTc0ODE4NTM2MH0.mp6gRp0RqOCDj0LvGi_LyWfcqf9vvQ0fttav6vJ0sH4","Content-Type":"application\/json","User-Agent":"PostmanRuntime\/7.44.0","Accept":"*\/*","Postman-Token":"3d595d54-eefb-47ba-a14c-12a580f3b96e","Host":"localhost","Accept-Encoding":"gzip, deflate, br","Connection":"keep-alive","Content-Length":"72"}
Intercepted relative path: /users
🔐 Headers: {"Authorization":"Bearer eyJ0eXAiOiJKV1QiLCJhbGciOiJIUzI1NiJ9.eyJ1c2VyIjp7ImlkIjoxNiwicm9sZSI6ImFkbWluIiwibmFtZSI6IkFsaWNlIFNtaXRoIiwiZW1haWwiOiJhbGljZUBleGFtcGwuY29tIn0sImV4cCI6MTc0ODE4NTM2MH0.mp6gRp0RqOCDj0LvGi_LyWfcqf9vvQ0fttav6vJ0sH4","Content-Type":"application\/json","User-Agent":"PostmanRuntime\/7.44.0","Accept":"*\/*","Postman-Token":"989d4a36-05ff-48c9-9f1e-ba6aea36f1d7","Host":"localhost","Accept-Encoding":"gzip, deflate, br","Connection":"keep-alive","Content-Length":"72"}
Intercepted relative path: /users
🔐 Headers: {"Authorization":"Bearer eyJ0eXAiOiJKV1QiLCJhbGciOiJIUzI1NiJ9.eyJ1c2VyIjp7ImlkIjoxNiwicm9sZSI6ImFkbWluIiwibmFtZSI6IkFsaWNlIFNtaXRoIiwiZW1haWwiOiJhbGljZUBleGFtcGwuY29tIn0sImV4cCI6MTc0ODE4NTM2MH0.mp6gRp0RqOCDj0LvGi_LyWfcqf9vvQ0fttav6vJ0sH4","Content-Type":"application\/json","User-Agent":"PostmanRuntime\/7.44.0","Accept":"*\/*","Postman-Token":"4f0912e7-3234-44ce-b0fa-1ca3172b13e4","Host":"localhost","Accept-Encoding":"gzip, deflate, br","Connection":"keep-alive","Content-Length":"72"}
Intercepted relative path: /users
🔐 Headers: {"Authorization":"Bearer eyJ0eXAiOiJKV1QiLCJhbGciOiJIUzI1NiJ9.eyJ1c2VyIjp7ImlkIjoxNiwicm9sZSI6ImFkbWluIiwibmFtZSI6IkFsaWNlIFNtaXRoIiwiZW1haWwiOiJhbGljZUBleGFtcGwuY29tIn0sImV4cCI6MTc0ODE4NTM2MH0.mp6gRp0RqOCDj0LvGi_LyWfcqf9vvQ0fttav6vJ0sH4","Content-Type":"application\/json","User-Agent":"PostmanRuntime\/7.44.0","Accept":"*\/*","Postman-Token":"313948e2-4b60-48d4-acc2-6c1b8b8f6d26","Host":"localhost","Accept-Encoding":"gzip, deflate, br","Connection":"keep-alive","Content-Length":"72"}
Intercepted relative path: /users
🔐 Headers: {"Authorization":"Bearer eyJ0eXAiOiJKV1QiLCJhbGciOiJIUzI1NiJ9.eyJ1c2VyIjp7ImlkIjoxNiwicm9sZSI6ImFkbWluIiwibmFtZSI6IkFsaWNlIFNtaXRoIiwiZW1haWwiOiJhbGljZUBleGFtcGwuY29tIn0sImV4cCI6MTc0ODE4NTM2MH0.mp6gRp0RqOCDj0LvGi_LyWfcqf9vvQ0fttav6vJ0sH4","Content-Type":"application\/json","User-Agent":"PostmanRuntime\/7.44.0","Accept":"*\/*","Postman-Token":"40e6de6f-bae6-4a63-bfef-d6d41ad314de","Host":"localhost","Accept-Encoding":"gzip, deflate, br","Connection":"keep-alive","Content-Length":"72"}
🔐 Headers: {"Authorization":"Bearer eyJ0eXAiOiJKV1QiLCJhbGciOiJIUzI1NiJ9.eyJ1c2VyIjp7ImlkIjoxNiwicm9sZSI6ImFkbWluIiwibmFtZSI6IkFsaWNlIFNtaXRoIiwiZW1haWwiOiJhbGljZUBleGFtcGwuY29tIn0sImV4cCI6MTc0ODE4NTM2MH0.mp6gRp0RqOCDj0LvGi_LyWfcqf9vvQ0fttav6vJ0sH4","Content-Type":"application\/json","User-Agent":"PostmanRuntime\/7.44.0","Accept":"*\/*","Postman-Token":"40e6de6f-bae6-4a63-bfef-d6d41ad314de","Host":"localhost","Accept-Encoding":"gzip, deflate, br","Connection":"keep-alive","Content-Length":"72"}
👤 User from token: {"id":16,"role":"admin","name":"Alice Smith","email":"alice@exampl.com"}
📋 Users from DB: [{"id":2,"name":"John Doe","email":"john@example.com","role":""},{"id":3,"name":"Alice Smith","email":"alice.smith@example.com","role":"admin"},{"id":4,"name":"Jane Doe","email":"jane@example.com","role":""},{"id":5,"name":"John Doea","email":"johne@eexampleee.com","role":""},{"id":6,"name":"John Doea","email":"johne@eexample.com","role":""},{"id":7,"name":"Alice Smith","email":"alice@pesd.com","role":""},{"id":8,"name":"Alice Smith","email":"alice@ERS.com","role":""},{"id":9,"name":"Alice Smith","email":"alice@ERSs.com","role":""},{"id":10,"name":"Alice Smith","email":"alice@examplex.com","role":""},{"id":11,"name":"Alice Smith","email":"alice@example.com","role":""},{"id":13,"name":"Alice Smith","email":"alice@examplee.com","role":""},{"id":14,"name":"Alice Smith","email":"alice@examplees.com","role":""},{"id":15,"name":"Alice Smith","email":"alice@exampleess.com","role":""},{"id":16,"name":"Alice Smith","email":"alice@exampl.com","role":"admin"}]
Intercepted relative path: /users%403
🔐 Headers: {"Authorization":"Bearer eyJ0eXAiOiJKV1QiLCJhbGciOiJIUzI1NiJ9.eyJ1c2VyIjp7ImlkIjoxNiwicm9sZSI6ImFkbWluIiwibmFtZSI6IkFsaWNlIFNtaXRoIiwiZW1haWwiOiJhbGljZUBleGFtcGwuY29tIn0sImV4cCI6MTc0ODE4NTM2MH0.mp6gRp0RqOCDj0LvGi_LyWfcqf9vvQ0fttav6vJ0sH4","Content-Type":"application\/json","User-Agent":"PostmanRuntime\/7.44.0","Accept":"*\/*","Postman-Token":"aa1db47d-ce90-4fe0-a402-8d1ecae21e98","Host":"localhost","Accept-Encoding":"gzip, deflate, br","Connection":"keep-alive","Content-Length":"72"}
Intercepted relative path: /users3
🔐 Headers: {"Authorization":"Bearer eyJ0eXAiOiJKV1QiLCJhbGciOiJIUzI1NiJ9.eyJ1c2VyIjp7ImlkIjoxNiwicm9sZSI6ImFkbWluIiwibmFtZSI6IkFsaWNlIFNtaXRoIiwiZW1haWwiOiJhbGljZUBleGFtcGwuY29tIn0sImV4cCI6MTc0ODE4NTM2MH0.mp6gRp0RqOCDj0LvGi_LyWfcqf9vvQ0fttav6vJ0sH4","Content-Type":"application\/json","User-Agent":"PostmanRuntime\/7.44.0","Accept":"*\/*","Postman-Token":"a5a6be9d-6c97-4aab-ae3d-d1eeb7b5f313","Host":"localhost","Accept-Encoding":"gzip, deflate, br","Connection":"keep-alive","Content-Length":"72"}
Intercepted relative path: /users/%403
🔐 Headers: {"Authorization":"Bearer eyJ0eXAiOiJKV1QiLCJhbGciOiJIUzI1NiJ9.eyJ1c2VyIjp7ImlkIjoxNiwicm9sZSI6ImFkbWluIiwibmFtZSI6IkFsaWNlIFNtaXRoIiwiZW1haWwiOiJhbGljZUBleGFtcGwuY29tIn0sImV4cCI6MTc0ODE4NTM2MH0.mp6gRp0RqOCDj0LvGi_LyWfcqf9vvQ0fttav6vJ0sH4","Content-Type":"application\/json","User-Agent":"PostmanRuntime\/7.44.0","Accept":"*\/*","Postman-Token":"930fd6f7-39af-4b6c-a70e-78bf532eca70","Host":"localhost","Accept-Encoding":"gzip, deflate, br","Connection":"keep-alive","Content-Length":"72"}
🔐 Headers: {"Authorization":"Bearer eyJ0eXAiOiJKV1QiLCJhbGciOiJIUzI1NiJ9.eyJ1c2VyIjp7ImlkIjoxNiwicm9sZSI6ImFkbWluIiwibmFtZSI6IkFsaWNlIFNtaXRoIiwiZW1haWwiOiJhbGljZUBleGFtcGwuY29tIn0sImV4cCI6MTc0ODE4NTM2MH0.mp6gRp0RqOCDj0LvGi_LyWfcqf9vvQ0fttav6vJ0sH4","Content-Type":"application\/json","User-Agent":"PostmanRuntime\/7.44.0","Accept":"*\/*","Postman-Token":"930fd6f7-39af-4b6c-a70e-78bf532eca70","Host":"localhost","Accept-Encoding":"gzip, deflate, br","Connection":"keep-alive","Content-Length":"72"}
Intercepted relative path: /users/3
🔐 Headers: {"Authorization":"Bearer eyJ0eXAiOiJKV1QiLCJhbGciOiJIUzI1NiJ9.eyJ1c2VyIjp7ImlkIjoxNiwicm9sZSI6ImFkbWluIiwibmFtZSI6IkFsaWNlIFNtaXRoIiwiZW1haWwiOiJhbGljZUBleGFtcGwuY29tIn0sImV4cCI6MTc0ODE4NTM2MH0.mp6gRp0RqOCDj0LvGi_LyWfcqf9vvQ0fttav6vJ0sH4","Content-Type":"application\/json","User-Agent":"PostmanRuntime\/7.44.0","Accept":"*\/*","Postman-Token":"c20043dc-4302-4043-82c6-1fa2d1e357ab","Host":"localhost","Accept-Encoding":"gzip, deflate, br","Connection":"keep-alive","Content-Length":"72"}
🔐 Headers: {"Authorization":"Bearer eyJ0eXAiOiJKV1QiLCJhbGciOiJIUzI1NiJ9.eyJ1c2VyIjp7ImlkIjoxNiwicm9sZSI6ImFkbWluIiwibmFtZSI6IkFsaWNlIFNtaXRoIiwiZW1haWwiOiJhbGljZUBleGFtcGwuY29tIn0sImV4cCI6MTc0ODE4NTM2MH0.mp6gRp0RqOCDj0LvGi_LyWfcqf9vvQ0fttav6vJ0sH4","Content-Type":"application\/json","User-Agent":"PostmanRuntime\/7.44.0","Accept":"*\/*","Postman-Token":"c20043dc-4302-4043-82c6-1fa2d1e357ab","Host":"localhost","Accept-Encoding":"gzip, deflate, br","Connection":"keep-alive","Content-Length":"72"}
Intercepted relative path: /reviews/3
🔐 Headers: {"Authorization":"Bearer eyJ0eXAiOiJKV1QiLCJhbGciOiJIUzI1NiJ9.eyJ1c2VyIjp7ImlkIjoxNiwicm9sZSI6ImFkbWluIiwibmFtZSI6IkFsaWNlIFNtaXRoIiwiZW1haWwiOiJhbGljZUBleGFtcGwuY29tIn0sImV4cCI6MTc0ODE4NTM2MH0.mp6gRp0RqOCDj0LvGi_LyWfcqf9vvQ0fttav6vJ0sH4","Content-Type":"application\/json","User-Agent":"PostmanRuntime\/7.44.0","Accept":"*\/*","Postman-Token":"d7195210-e057-40b3-b350-0a68f2bf94c0","Host":"localhost","Accept-Encoding":"gzip, deflate, br","Connection":"keep-alive","Content-Length":"72"}
🔐 Headers: {"Authorization":"Bearer eyJ0eXAiOiJKV1QiLCJhbGciOiJIUzI1NiJ9.eyJ1c2VyIjp7ImlkIjoxNiwicm9sZSI6ImFkbWluIiwibmFtZSI6IkFsaWNlIFNtaXRoIiwiZW1haWwiOiJhbGljZUBleGFtcGwuY29tIn0sImV4cCI6MTc0ODE4NTM2MH0.mp6gRp0RqOCDj0LvGi_LyWfcqf9vvQ0fttav6vJ0sH4","Content-Type":"application\/json","User-Agent":"PostmanRuntime\/7.44.0","Accept":"*\/*","Postman-Token":"d7195210-e057-40b3-b350-0a68f2bf94c0","Host":"localhost","Accept-Encoding":"gzip, deflate, br","Connection":"keep-alive","Content-Length":"72"}
Intercepted relative path: /reviews
🔐 Headers: {"Authorization":"Bearer eyJ0eXAiOiJKV1QiLCJhbGciOiJIUzI1NiJ9.eyJ1c2VyIjp7ImlkIjoxNiwicm9sZSI6ImFkbWluIiwibmFtZSI6IkFsaWNlIFNtaXRoIiwiZW1haWwiOiJhbGljZUBleGFtcGwuY29tIn0sImV4cCI6MTc0ODE4NTM2MH0.mp6gRp0RqOCDj0LvGi_LyWfcqf9vvQ0fttav6vJ0sH4","Content-Type":"application\/json","User-Agent":"PostmanRuntime\/7.44.0","Accept":"*\/*","Postman-Token":"b2723d99-1432-4efe-9680-283306eec895","Host":"localhost","Accept-Encoding":"gzip, deflate, br","Connection":"keep-alive","Content-Length":"72"}
🔐 Headers: {"Authorization":"Bearer eyJ0eXAiOiJKV1QiLCJhbGciOiJIUzI1NiJ9.eyJ1c2VyIjp7ImlkIjoxNiwicm9sZSI6ImFkbWluIiwibmFtZSI6IkFsaWNlIFNtaXRoIiwiZW1haWwiOiJhbGljZUBleGFtcGwuY29tIn0sImV4cCI6MTc0ODE4NTM2MH0.mp6gRp0RqOCDj0LvGi_LyWfcqf9vvQ0fttav6vJ0sH4","Content-Type":"application\/json","User-Agent":"PostmanRuntime\/7.44.0","Accept":"*\/*","Postman-Token":"b2723d99-1432-4efe-9680-283306eec895","Host":"localhost","Accept-Encoding":"gzip, deflate, br","Connection":"keep-alive","Content-Length":"72"}
Intercepted relative path: /cars
🔐 Headers: {"Authorization":"Bearer eyJ0eXAiOiJKV1QiLCJhbGciOiJIUzI1NiJ9.eyJ1c2VyIjp7ImlkIjoxNiwicm9sZSI6ImFkbWluIiwibmFtZSI6IkFsaWNlIFNtaXRoIiwiZW1haWwiOiJhbGljZUBleGFtcGwuY29tIn0sImV4cCI6MTc0ODE4NTM2MH0.mp6gRp0RqOCDj0LvGi_LyWfcqf9vvQ0fttav6vJ0sH4","Content-Type":"application\/json","User-Agent":"PostmanRuntime\/7.44.0","Accept":"*\/*","Postman-Token":"0f5d0aa7-f1b7-4bab-9f50-5e0c4c12a18c","Host":"localhost","Accept-Encoding":"gzip, deflate, br","Connection":"keep-alive","Content-Length":"72"}
🔐 Headers: {"Authorization":"Bearer eyJ0eXAiOiJKV1QiLCJhbGciOiJIUzI1NiJ9.eyJ1c2VyIjp7ImlkIjoxNiwicm9sZSI6ImFkbWluIiwibmFtZSI6IkFsaWNlIFNtaXRoIiwiZW1haWwiOiJhbGljZUBleGFtcGwuY29tIn0sImV4cCI6MTc0ODE4NTM2MH0.mp6gRp0RqOCDj0LvGi_LyWfcqf9vvQ0fttav6vJ0sH4","Content-Type":"application\/json","User-Agent":"PostmanRuntime\/7.44.0","Accept":"*\/*","Postman-Token":"0f5d0aa7-f1b7-4bab-9f50-5e0c4c12a18c","Host":"localhost","Accept-Encoding":"gzip, deflate, br","Connection":"keep-alive","Content-Length":"72"}
Intercepted relative path: /bookins
🔐 Headers: {"Authorization":"Bearer eyJ0eXAiOiJKV1QiLCJhbGciOiJIUzI1NiJ9.eyJ1c2VyIjp7ImlkIjoxNiwicm9sZSI6ImFkbWluIiwibmFtZSI6IkFsaWNlIFNtaXRoIiwiZW1haWwiOiJhbGljZUBleGFtcGwuY29tIn0sImV4cCI6MTc0ODE4NTM2MH0.mp6gRp0RqOCDj0LvGi_LyWfcqf9vvQ0fttav6vJ0sH4","Content-Type":"application\/json","User-Agent":"PostmanRuntime\/7.44.0","Accept":"*\/*","Postman-Token":"0c542b01-fb8b-4305-92cd-12c0aebc93bc","Host":"localhost","Accept-Encoding":"gzip, deflate, br","Connection":"keep-alive","Content-Length":"72"}
Intercepted relative path: /bookings
🔐 Headers: {"Authorization":"Bearer eyJ0eXAiOiJKV1QiLCJhbGciOiJIUzI1NiJ9.eyJ1c2VyIjp7ImlkIjoxNiwicm9sZSI6ImFkbWluIiwibmFtZSI6IkFsaWNlIFNtaXRoIiwiZW1haWwiOiJhbGljZUBleGFtcGwuY29tIn0sImV4cCI6MTc0ODE4NTM2MH0.mp6gRp0RqOCDj0LvGi_LyWfcqf9vvQ0fttav6vJ0sH4","Content-Type":"application\/json","User-Agent":"PostmanRuntime\/7.44.0","Accept":"*\/*","Postman-Token":"d4c130f0-de5a-41b2-877e-5a9e70a3cfee","Host":"localhost","Accept-Encoding":"gzip, deflate, br","Connection":"keep-alive","Content-Length":"72"}
🔐 Headers: {"Authorization":"Bearer eyJ0eXAiOiJKV1QiLCJhbGciOiJIUzI1NiJ9.eyJ1c2VyIjp7ImlkIjoxNiwicm9sZSI6ImFkbWluIiwibmFtZSI6IkFsaWNlIFNtaXRoIiwiZW1haWwiOiJhbGljZUBleGFtcGwuY29tIn0sImV4cCI6MTc0ODE4NTM2MH0.mp6gRp0RqOCDj0LvGi_LyWfcqf9vvQ0fttav6vJ0sH4","Content-Type":"application\/json","User-Agent":"PostmanRuntime\/7.44.0","Accept":"*\/*","Postman-Token":"d4c130f0-de5a-41b2-877e-5a9e70a3cfee","Host":"localhost","Accept-Encoding":"gzip, deflate, br","Connection":"keep-alive","Content-Length":"72"}
Intercepted relative path: /users
🔐 Headers: {"Authorization":"Bearer eyJ0eXAiOiJKV1QiLCJhbGciOiJIUzI1NiJ9.eyJ1c2VyIjp7ImlkIjoxNiwicm9sZSI6ImFkbWluIiwibmFtZSI6IkFsaWNlIFNtaXRoIiwiZW1haWwiOiJhbGljZUBleGFtcGwuY29tIn0sImV4cCI6MTc0ODE4NTM2MH0.mp6gRp0RqOCDj0LvGi_LyWfcqf9vvQ0fttav6vJ0sH4","Content-Type":"application\/json","User-Agent":"PostmanRuntime\/7.44.0","Accept":"*\/*","Postman-Token":"817316f0-519c-413d-9891-993ed9580886","Host":"localhost","Accept-Encoding":"gzip, deflate, br","Connection":"keep-alive","Content-Length":"72"}
🔐 Headers: {"Authorization":"Bearer eyJ0eXAiOiJKV1QiLCJhbGciOiJIUzI1NiJ9.eyJ1c2VyIjp7ImlkIjoxNiwicm9sZSI6ImFkbWluIiwibmFtZSI6IkFsaWNlIFNtaXRoIiwiZW1haWwiOiJhbGljZUBleGFtcGwuY29tIn0sImV4cCI6MTc0ODE4NTM2MH0.mp6gRp0RqOCDj0LvGi_LyWfcqf9vvQ0fttav6vJ0sH4","Content-Type":"application\/json","User-Agent":"PostmanRuntime\/7.44.0","Accept":"*\/*","Postman-Token":"817316f0-519c-413d-9891-993ed9580886","Host":"localhost","Accept-Encoding":"gzip, deflate, br","Connection":"keep-alive","Content-Length":"72"}
👤 User from token: {"id":16,"role":"admin","name":"Alice Smith","email":"alice@exampl.com"}
📋 Users from DB: [{"id":2,"name":"John Doe","email":"john@example.com","role":""},{"id":3,"name":"Alice Smith","email":"alice.smith@example.com","role":"admin"},{"id":4,"name":"Jane Doe","email":"jane@example.com","role":""},{"id":5,"name":"John Doea","email":"johne@eexampleee.com","role":""},{"id":6,"name":"John Doea","email":"johne@eexample.com","role":""},{"id":7,"name":"Alice Smith","email":"alice@pesd.com","role":""},{"id":8,"name":"Alice Smith","email":"alice@ERS.com","role":""},{"id":9,"name":"Alice Smith","email":"alice@ERSs.com","role":""},{"id":10,"name":"Alice Smith","email":"alice@examplex.com","role":""},{"id":11,"name":"Alice Smith","email":"alice@example.com","role":""},{"id":13,"name":"Alice Smith","email":"alice@examplee.com","role":""},{"id":14,"name":"Alice Smith","email":"alice@examplees.com","role":""},{"id":15,"name":"Alice Smith","email":"alice@exampleess.com","role":""},{"id":16,"name":"Alice Smith","email":"alice@exampl.com","role":"admin"}]
Intercepted relative path: /users
🔐 Headers: {"Authorization":"Bearer eyJ0eXAiOiJKV1QiLCJhbGciOiJIUzI1NiJ9.eyJ1c2VyIjp7ImlkIjoxNiwicm9sZSI6ImFkbWluIiwibmFtZSI6IkFsaWNlIFNtaXRoIiwiZW1haWwiOiJhbGljZUBleGFtcGwuY29tIn0sImV4cCI6MTc0ODE4NTM2MH0.mp6gRp0RqOCDj0LvGi_LyWfcqf9vvQ0fttav6vJ0sH4","Content-Type":"application\/json","User-Agent":"PostmanRuntime\/7.44.0","Accept":"*\/*","Postman-Token":"e2275383-9f85-403f-8f42-0675098eb5cd","Host":"localhost","Accept-Encoding":"gzip, deflate, br","Connection":"keep-alive","Content-Length":"72"}
❌ JWT Decode Error: Expired token
Intercepted relative path: /users
🔐 Headers: {"Authorization":"Bearer eyJ0eXAiOiJKV1QiLCJhbGciOiJIUzI1NiJ9.eyJ1c2VyIjp7ImlkIjoxNiwicm9sZSI6ImFkbWluIiwibmFtZSI6IkFsaWNlIFNtaXRoIiwiZW1haWwiOiJhbGljZUBleGFtcGwuY29tIn0sImV4cCI6MTc0ODE4NTM2MH0.mp6gRp0RqOCDj0LvGi_LyWfcqf9vvQ0fttav6vJ0sH4","Content-Type":"application\/json","User-Agent":"PostmanRuntime\/7.44.0","Accept":"*\/*","Postman-Token":"a809822a-2331-4982-91ae-f63bb85b0e61","Host":"localhost","Accept-Encoding":"gzip, deflate, br","Connection":"keep-alive","Content-Length":"72"}
❌ JWT Decode Error: Expired token
Intercepted relative path: /users
🔐 Headers: {"Authorization":"Bearer eyJ0eXAiOiJKV1QiLCJhbGciOiJIUzI1NiJ9.eyJ1c2VyIjp7ImlkIjoxNiwicm9sZSI6ImFkbWluIiwibmFtZSI6IkFsaWNlIFNtaXRoIiwiZW1haWwiOiJhbGljZUBleGFtcGwuY29tIn0sImV4cCI6MTc0ODE4NTM2MH0.mp6gRp0RqOCDj0LvGi_LyWfcqf9vvQ0fttav6vJ0sH4","Content-Type":"application\/json","User-Agent":"PostmanRuntime\/7.44.0","Accept":"*\/*","Postman-Token":"44e345bc-3010-4ec6-80bd-d6016f099ded","Host":"localhost","Accept-Encoding":"gzip, deflate, br","Connection":"keep-alive","Content-Length":"72"}
❌ JWT Decode Error: Expired token
Intercepted relative path: /users
🔐 Headers: {"Authorization":"Bearer eyJ0eXAiOiJKV1QiLCJhbGciOiJIUzI1NiJ9.eyJ1c2VyIjp7ImlkIjoxNiwicm9sZSI6ImFkbWluIiwibmFtZSI6IkFsaWNlIFNtaXRoIiwiZW1haWwiOiJhbGljZUBleGFtcGwuY29tIn0sImV4cCI6MTc0ODE4NTM2MH0.mp6gRp0RqOCDj0LvGi_LyWfcqf9vvQ0fttav6vJ0sH4","Content-Type":"application\/json","User-Agent":"PostmanRuntime\/7.44.0","Accept":"*\/*","Postman-Token":"0181cd7a-f532-4932-9fa4-7e03799d5a9e","Host":"localhost","Accept-Encoding":"gzip, deflate, br","Connection":"keep-alive","Content-Length":"72"}
❌ JWT Decode Error: Expired token
Intercepted relative path: /users
🔐 Headers: {"Authorization":"Bearer eyJ0eXAiOiJKV1QiLCJhbGciOiJIUzI1NiJ9.eyJ1c2VyIjp7ImlkIjoxNSwicm9sZSI6IiIsIm5hbWUiOiJBbGljZSBTbWl0aCIsImVtYWlsIjoiYWxpY2VAZXhhbXBsZWVzcy5jb20ifSwiZXhwIjoxNzQ4MTg1MDkzfQ.yp8Zm2eQwwkSMrxcDw2mGBrKzbzeEYJe5x3cCLMIxqA","Content-Type":"application\/json","User-Agent":"PostmanRuntime\/7.44.0","Accept":"*\/*","Postman-Token":"61e2553d-13d4-4d31-9847-c1531f3584cc","Host":"localhost","Accept-Encoding":"gzip, deflate, br","Connection":"keep-alive","Content-Length":"72"}
❌ JWT Decode Error: Expired token
Intercepted relative path: /users
🔐 Headers: {"Authorization":"Bearer eyJ0eXAiOiJKV1QiLCJhbGciOiJIUzI1NiJ9.eyJ1c2VyIjp7ImlkIjoxNSwicm9sZSI6IiIsIm5hbWUiOiJBbGljZSBTbWl0aCIsImVtYWlsIjoiYWxpY2VAZXhhbXBsZWVzcy5jb20ifSwiZXhwIjoxNzQ4MTg1MDkzfQ.yp8Zm2eQwwkSMrxcDw2mGBrKzbzeEYJe5x3cCLMIxqA","Content-Type":"application\/json","User-Agent":"PostmanRuntime\/7.44.0","Accept":"*\/*","Postman-Token":"87309684-4a6f-4e6d-8c2e-8dbbeb5a0e42","Host":"localhost","Accept-Encoding":"gzip, deflate, br","Connection":"keep-alive","Content-Length":"72"}
❌ JWT Decode Error: Expired token
Intercepted relative path: /reviews
🔐 Headers: {"Authorization":"Bearer eyJ0eXAiOiJKV1QiLCJhbGciOiJIUzI1NiJ9.eyJ1c2VyIjp7ImlkIjoxNSwicm9sZSI6IiIsIm5hbWUiOiJBbGljZSBTbWl0aCIsImVtYWlsIjoiYWxpY2VAZXhhbXBsZWVzcy5jb20ifSwiZXhwIjoxNzQ4MTg1MDkzfQ.yp8Zm2eQwwkSMrxcDw2mGBrKzbzeEYJe5x3cCLMIxqA","Content-Type":"application\/json","User-Agent":"PostmanRuntime\/7.44.0","Accept":"*\/*","Postman-Token":"7d160fd9-b988-47b3-8140-7c678be4d935","Host":"localhost","Accept-Encoding":"gzip, deflate, br","Connection":"keep-alive","Content-Length":"72"}
❌ JWT Decode Error: Expired token
Intercepted relative path: /auth/register
🔍 Reached /auth/register route
📥 Received data: {"name":"Alice Smith","email":"alice@exampleess.com","password":"secret123","role":"admin"}
Entered register() with: {"name":"Alice Smith","email":"alice@exampleess.com","password":"secret123","role":"admin"}
❌ Register failed: SQLSTATE[23000]: Integrity constraint violation: 1062 Duplicate entry 'alice@exampleess.com' for key 'email'
🔍 Reached /auth/register route
📥 Received data: {"name":"Alice Smith","email":"alice@exampleesses.com","password":"secret123","role":"admin"}
Entered register() with: {"name":"Alice Smith","email":"alice@exampleesses.com","password":"secret123","role":"admin"}
Created user: {"id":"18","name":"Alice Smith","email":"alice@exampleesses.com","role":"admin"}
✅ Registered user: {"id":"18","name":"Alice Smith","email":"alice@exampleesses.com","role":"admin"}
Login data: {"email":"alice@exampleesses.com","password":"secret123"}
Token generated: eyJ0eXAiOiJKV1QiLCJhbGciOiJIUzI1NiJ9.eyJ1c2VyIjp7ImlkIjoxOCwicm9sZSI6ImFkbWluIiwibmFtZSI6IkFsaWNlIFNtaXRoIiwiZW1haWwiOiJhbGljZUBleGFtcGxlZXNzZXMuY29tIn0sImV4cCI6MTc0ODE4OTcyMH0.qeBnAWBI5O4YcdjWYhkIlVJcFt142jgs56KOsWUhF5Q
Intercepted relative path: /users
🔐 Headers: {"Authorization":"Bearer eyJ0eXAiOiJKV1QiLCJhbGciOiJIUzI1NiJ9.eyJ1c2VyIjp7ImlkIjoxOCwicm9sZSI6ImFkbWluIiwibmFtZSI6IkFsaWNlIFNtaXRoIiwiZW1haWwiOiJhbGljZUBleGFtcGxlZXNzZXMuY29tIn0sImV4cCI6MTc0ODE4OTcyMH0.qeBnAWBI5O4YcdjWYhkIlVJcFt142jgs56KOsWUhF5Q","Content-Type":"application\/json","User-Agent":"PostmanRuntime\/7.44.0","Accept":"*\/*","Postman-Token":"dd8761be-eed7-4090-915b-57f7e4fe16b8","Host":"localhost","Accept-Encoding":"gzip, deflate, br","Connection":"keep-alive","Content-Length":"71"}
🔐 Headers: {"Authorization":"Bearer eyJ0eXAiOiJKV1QiLCJhbGciOiJIUzI1NiJ9.eyJ1c2VyIjp7ImlkIjoxOCwicm9sZSI6ImFkbWluIiwibmFtZSI6IkFsaWNlIFNtaXRoIiwiZW1haWwiOiJhbGljZUBleGFtcGxlZXNzZXMuY29tIn0sImV4cCI6MTc0ODE4OTcyMH0.qeBnAWBI5O4YcdjWYhkIlVJcFt142jgs56KOsWUhF5Q","Content-Type":"application\/json","User-Agent":"PostmanRuntime\/7.44.0","Accept":"*\/*","Postman-Token":"dd8761be-eed7-4090-915b-57f7e4fe16b8","Host":"localhost","Accept-Encoding":"gzip, deflate, br","Connection":"keep-alive","Content-Length":"71"}
👤 User from token: {"id":18,"role":"admin","name":"Alice Smith","email":"alice@exampleesses.com"}
📋 Users from DB: [{"id":2,"name":"John Doe","email":"john@example.com","role":""},{"id":3,"name":"Alice Smith","email":"alice.smith@example.com","role":"admin"},{"id":4,"name":"Jane Doe","email":"jane@example.com","role":""},{"id":5,"name":"John Doea","email":"johne@eexampleee.com","role":""},{"id":6,"name":"John Doea","email":"johne@eexample.com","role":""},{"id":7,"name":"Alice Smith","email":"alice@pesd.com","role":""},{"id":8,"name":"Alice Smith","email":"alice@ERS.com","role":""},{"id":9,"name":"Alice Smith","email":"alice@ERSs.com","role":""},{"id":10,"name":"Alice Smith","email":"alice@examplex.com","role":""},{"id":11,"name":"Alice Smith","email":"alice@example.com","role":""},{"id":13,"name":"Alice Smith","email":"alice@examplee.com","role":""},{"id":14,"name":"Alice Smith","email":"alice@examplees.com","role":""},{"id":15,"name":"Alice Smith","email":"alice@exampleess.com","role":""},{"id":16,"name":"Alice Smith","email":"alice@exampl.com","role":"admin"},{"id":18,"name":"Alice Smith","email":"alice@exampleesses.com","role":"admin"}]
🔍 Reached /auth/register route
📥 Received data: {"name":"Alice Smith","email":"alice@exampleeses.com","password":"secret123","role":"user"}
Entered register() with: {"name":"Alice Smith","email":"alice@exampleeses.com","password":"secret123","role":"user"}
Created user: {"id":"19","name":"Alice Smith","email":"alice@exampleeses.com","role":"user"}
✅ Registered user: {"id":"19","name":"Alice Smith","email":"alice@exampleeses.com","role":"user"}
Login data: {"email":"alice@exampleeses.com","password":"secret123"}
Token generated: eyJ0eXAiOiJKV1QiLCJhbGciOiJIUzI1NiJ9.eyJ1c2VyIjp7ImlkIjoxOSwicm9sZSI6IiIsIm5hbWUiOiJBbGljZSBTbWl0aCIsImVtYWlsIjoiYWxpY2VAZXhhbXBsZWVzZXMuY29tIn0sImV4cCI6MTc0ODE4OTc5Mn0.TbvuZmmGtBIfyS87UC17tH7G-plYilJSPG-kRfcdRWU
Intercepted relative path: /users
🔐 Headers: {"Authorization":"Bearer eyJ0eXAiOiJKV1QiLCJhbGciOiJIUzI1NiJ9.eyJ1c2VyIjp7ImlkIjoxOSwicm9sZSI6IiIsIm5hbWUiOiJBbGljZSBTbWl0aCIsImVtYWlsIjoiYWxpY2VAZXhhbXBsZWVzZXMuY29tIn0sImV4cCI6MTc0ODE4OTc5Mn0.TbvuZmmGtBIfyS87UC17tH7G-plYilJSPG-kRfcdRWU","Content-Type":"application\/json","User-Agent":"PostmanRuntime\/7.44.0","Accept":"*\/*","Postman-Token":"6498babd-2462-4d8c-a285-0abe2ee32905","Host":"localhost","Accept-Encoding":"gzip, deflate, br","Connection":"keep-alive","Content-Length":"78"}
🔐 Headers: {"Authorization":"Bearer eyJ0eXAiOiJKV1QiLCJhbGciOiJIUzI1NiJ9.eyJ1c2VyIjp7ImlkIjoxOSwicm9sZSI6IiIsIm5hbWUiOiJBbGljZSBTbWl0aCIsImVtYWlsIjoiYWxpY2VAZXhhbXBsZWVzZXMuY29tIn0sImV4cCI6MTc0ODE4OTc5Mn0.TbvuZmmGtBIfyS87UC17tH7G-plYilJSPG-kRfcdRWU","Content-Type":"application\/json","User-Agent":"PostmanRuntime\/7.44.0","Accept":"*\/*","Postman-Token":"6498babd-2462-4d8c-a285-0abe2ee32905","Host":"localhost","Accept-Encoding":"gzip, deflate, br","Connection":"keep-alive","Content-Length":"78"}
Intercepted relative path: /reviews
🔐 Headers: {"Authorization":"Bearer eyJ0eXAiOiJKV1QiLCJhbGciOiJIUzI1NiJ9.eyJ1c2VyIjp7ImlkIjoxOSwicm9sZSI6IiIsIm5hbWUiOiJBbGljZSBTbWl0aCIsImVtYWlsIjoiYWxpY2VAZXhhbXBsZWVzZXMuY29tIn0sImV4cCI6MTc0ODE4OTc5Mn0.TbvuZmmGtBIfyS87UC17tH7G-plYilJSPG-kRfcdRWU","Content-Type":"application\/json","User-Agent":"PostmanRuntime\/7.44.0","Accept":"*\/*","Postman-Token":"c152b201-f881-4bbe-8a20-95c303556aa4","Host":"localhost","Accept-Encoding":"gzip, deflate, br","Connection":"keep-alive","Content-Length":"78"}
🔐 Headers: {"Authorization":"Bearer eyJ0eXAiOiJKV1QiLCJhbGciOiJIUzI1NiJ9.eyJ1c2VyIjp7ImlkIjoxOSwicm9sZSI6IiIsIm5hbWUiOiJBbGljZSBTbWl0aCIsImVtYWlsIjoiYWxpY2VAZXhhbXBsZWVzZXMuY29tIn0sImV4cCI6MTc0ODE4OTc5Mn0.TbvuZmmGtBIfyS87UC17tH7G-plYilJSPG-kRfcdRWU","Content-Type":"application\/json","User-Agent":"PostmanRuntime\/7.44.0","Accept":"*\/*","Postman-Token":"c152b201-f881-4bbe-8a20-95c303556aa4","Host":"localhost","Accept-Encoding":"gzip, deflate, br","Connection":"keep-alive","Content-Length":"78"}
Intercepted relative path: /reviews
🔐 Headers: {"Authorization":"Bearer eyJ0eXAiOiJKV1QiLCJhbGciOiJIUzI1NiJ9.eyJ1c2VyIjp7ImlkIjoxOSwicm9sZSI6IiIsIm5hbWUiOiJBbGljZSBTbWl0aCIsImVtYWlsIjoiYWxpY2VAZXhhbXBsZWVzZXMuY29tIn0sImV4cCI6MTc0ODE4OTc5Mn0.TbvuZmmGtBIfyS87UC17tH7G-plYilJSPG-kRfcdRWU","Content-Type":"application\/json","User-Agent":"PostmanRuntime\/7.44.0","Accept":"*\/*","Postman-Token":"14271f2c-054c-4d4e-b5dc-541ee09ccf71","Host":"localhost","Accept-Encoding":"gzip, deflate, br","Connection":"keep-alive","Content-Length":"78"}
🔐 Headers: {"Authorization":"Bearer eyJ0eXAiOiJKV1QiLCJhbGciOiJIUzI1NiJ9.eyJ1c2VyIjp7ImlkIjoxOSwicm9sZSI6IiIsIm5hbWUiOiJBbGljZSBTbWl0aCIsImVtYWlsIjoiYWxpY2VAZXhhbXBsZWVzZXMuY29tIn0sImV4cCI6MTc0ODE4OTc5Mn0.TbvuZmmGtBIfyS87UC17tH7G-plYilJSPG-kRfcdRWU","Content-Type":"application\/json","User-Agent":"PostmanRuntime\/7.44.0","Accept":"*\/*","Postman-Token":"14271f2c-054c-4d4e-b5dc-541ee09ccf71","Host":"localhost","Accept-Encoding":"gzip, deflate, br","Connection":"keep-alive","Content-Length":"78"}
Intercepted relative path: /reviews
🔐 Headers: {"Authorization":"Bearer eyJ0eXAiOiJKV1QiLCJhbGciOiJIUzI1NiJ9.eyJ1c2VyIjp7ImlkIjoxOSwicm9sZSI6IiIsIm5hbWUiOiJBbGljZSBTbWl0aCIsImVtYWlsIjoiYWxpY2VAZXhhbXBsZWVzZXMuY29tIn0sImV4cCI6MTc0ODE4OTc5Mn0.TbvuZmmGtBIfyS87UC17tH7G-plYilJSPG-kRfcdRWU","Content-Type":"application\/json","User-Agent":"PostmanRuntime\/7.44.0","Accept":"*\/*","Postman-Token":"cb7f189b-9039-4795-b66e-493b0527b4e7","Host":"localhost","Accept-Encoding":"gzip, deflate, br","Connection":"keep-alive","Content-Length":"78"}
🔐 Headers: {"Authorization":"Bearer eyJ0eXAiOiJKV1QiLCJhbGciOiJIUzI1NiJ9.eyJ1c2VyIjp7ImlkIjoxOSwicm9sZSI6IiIsIm5hbWUiOiJBbGljZSBTbWl0aCIsImVtYWlsIjoiYWxpY2VAZXhhbXBsZWVzZXMuY29tIn0sImV4cCI6MTc0ODE4OTc5Mn0.TbvuZmmGtBIfyS87UC17tH7G-plYilJSPG-kRfcdRWU","Content-Type":"application\/json","User-Agent":"PostmanRuntime\/7.44.0","Accept":"*\/*","Postman-Token":"cb7f189b-9039-4795-b66e-493b0527b4e7","Host":"localhost","Accept-Encoding":"gzip, deflate, br","Connection":"keep-alive","Content-Length":"78"}
Intercepted relative path: /reviews
🔐 Headers: {"Authorization":"Bearer eyJ0eXAiOiJKV1QiLCJhbGciOiJIUzI1NiJ9.eyJ1c2VyIjp7ImlkIjoxOSwicm9sZSI6IiIsIm5hbWUiOiJBbGljZSBTbWl0aCIsImVtYWlsIjoiYWxpY2VAZXhhbXBsZWVzZXMuY29tIn0sImV4cCI6MTc0ODE4OTc5Mn0.TbvuZmmGtBIfyS87UC17tH7G-plYilJSPG-kRfcdRWU","Content-Type":"application\/json","User-Agent":"PostmanRuntime\/7.44.0","Accept":"*\/*","Postman-Token":"fb4ae6a8-3dce-4b49-a2b4-d173ebc2b708","Host":"localhost","Accept-Encoding":"gzip, deflate, br","Connection":"keep-alive","Content-Length":"78"}
Intercepted relative path: /reviews
🔐 Headers: {"Authorization":"Bearer eyJ0eXAiOiJKV1QiLCJhbGciOiJIUzI1NiJ9.eyJ1c2VyIjp7ImlkIjoxOSwicm9sZSI6IiIsIm5hbWUiOiJBbGljZSBTbWl0aCIsImVtYWlsIjoiYWxpY2VAZXhhbXBsZWVzZXMuY29tIn0sImV4cCI6MTc0ODE4OTc5Mn0.TbvuZmmGtBIfyS87UC17tH7G-plYilJSPG-kRfcdRWU","Content-Type":"application\/json","User-Agent":"PostmanRuntime\/7.44.0","Accept":"*\/*","Postman-Token":"9ede1298-0d6f-435d-a2b5-33e9b221ec10","Host":"localhost","Accept-Encoding":"gzip, deflate, br","Connection":"keep-alive","Content-Length":"78"}
🔐 Headers: {"Authorization":"Bearer eyJ0eXAiOiJKV1QiLCJhbGciOiJIUzI1NiJ9.eyJ1c2VyIjp7ImlkIjoxOSwicm9sZSI6IiIsIm5hbWUiOiJBbGljZSBTbWl0aCIsImVtYWlsIjoiYWxpY2VAZXhhbXBsZWVzZXMuY29tIn0sImV4cCI6MTc0ODE4OTc5Mn0.TbvuZmmGtBIfyS87UC17tH7G-plYilJSPG-kRfcdRWU","Content-Type":"application\/json","User-Agent":"PostmanRuntime\/7.44.0","Accept":"*\/*","Postman-Token":"9ede1298-0d6f-435d-a2b5-33e9b221ec10","Host":"localhost","Accept-Encoding":"gzip, deflate, br","Connection":"keep-alive","Content-Length":"78"}
Intercepted relative path: /reviews/3
🔐 Headers: {"Authorization":"Bearer eyJ0eXAiOiJKV1QiLCJhbGciOiJIUzI1NiJ9.eyJ1c2VyIjp7ImlkIjoxOSwicm9sZSI6IiIsIm5hbWUiOiJBbGljZSBTbWl0aCIsImVtYWlsIjoiYWxpY2VAZXhhbXBsZWVzZXMuY29tIn0sImV4cCI6MTc0ODE4OTc5Mn0.TbvuZmmGtBIfyS87UC17tH7G-plYilJSPG-kRfcdRWU","Content-Type":"application\/json","User-Agent":"PostmanRuntime\/7.44.0","Accept":"*\/*","Postman-Token":"1640561f-ed1f-43bb-9dcd-1f8c37675ffe","Host":"localhost","Accept-Encoding":"gzip, deflate, br","Connection":"keep-alive","Content-Length":"78"}
🔐 Headers: {"Authorization":"Bearer eyJ0eXAiOiJKV1QiLCJhbGciOiJIUzI1NiJ9.eyJ1c2VyIjp7ImlkIjoxOSwicm9sZSI6IiIsIm5hbWUiOiJBbGljZSBTbWl0aCIsImVtYWlsIjoiYWxpY2VAZXhhbXBsZWVzZXMuY29tIn0sImV4cCI6MTc0ODE4OTc5Mn0.TbvuZmmGtBIfyS87UC17tH7G-plYilJSPG-kRfcdRWU","Content-Type":"application\/json","User-Agent":"PostmanRuntime\/7.44.0","Accept":"*\/*","Postman-Token":"1640561f-ed1f-43bb-9dcd-1f8c37675ffe","Host":"localhost","Accept-Encoding":"gzip, deflate, br","Connection":"keep-alive","Content-Length":"78"}
Intercepted relative path: /auth/register
Intercepted relative path: /auth
🔍 Reached /auth/register route
📥 Received data: {"name":"John Doee","email":"john@examplse.com","password":"secret123","role":"user"}
Entered register() with: {"name":"John Doee","email":"john@examplse.com","password":"secret123","role":"user"}
Created user: {"id":"20","name":"John Doee","email":"john@examplse.com","role":"user"}
✅ Registered user: {"id":"20","name":"John Doee","email":"john@examplse.com","role":"user"}
Intercepted relative path: /auth/register/login
Login data: {"email":"john@examplse.com","password":"secret123"}
Token generated: eyJ0eXAiOiJKV1QiLCJhbGciOiJIUzI1NiJ9.eyJ1c2VyIjp7ImlkIjoyMCwicm9sZSI6IiIsIm5hbWUiOiJKb2huIERvZWUiLCJlbWFpbCI6ImpvaG5AZXhhbXBsc2UuY29tIn0sImV4cCI6MTc0ODIyMjg0M30.0dCCSTV8dqenE0rW6UBSSGkQwKfZFn0tgt5O_K-hZIM
Intercepted relative path: /reviews
🔐 Headers: {"Authorization":"Bearer eyJ0eXAiOiJKV1QiLCJhbGciOiJIUzI1NiJ9.eyJ1c2VyIjp7ImlkIjoyMCwicm9sZSI6IiIsIm5hbWUiOiJKb2huIERvZWUiLCJlbWFpbCI6ImpvaG5AZXhhbXBsc2UuY29tIn0sImV4cCI6MTc0ODIyMjg0M30.0dCCSTV8dqenE0rW6UBSSGkQwKfZFn0tgt5O_K-hZIM","Content-Type":"application\/json","User-Agent":"PostmanRuntime\/7.44.0","Accept":"*\/*","Postman-Token":"59b53b7b-65ae-4f77-8005-b255db00b709","Host":"localhost","Accept-Encoding":"gzip, deflate, br","Connection":"keep-alive","Content-Length":"76"}
🔐 Headers: {"Authorization":"Bearer eyJ0eXAiOiJKV1QiLCJhbGciOiJIUzI1NiJ9.eyJ1c2VyIjp7ImlkIjoyMCwicm9sZSI6IiIsIm5hbWUiOiJKb2huIERvZWUiLCJlbWFpbCI6ImpvaG5AZXhhbXBsc2UuY29tIn0sImV4cCI6MTc0ODIyMjg0M30.0dCCSTV8dqenE0rW6UBSSGkQwKfZFn0tgt5O_K-hZIM","Content-Type":"application\/json","User-Agent":"PostmanRuntime\/7.44.0","Accept":"*\/*","Postman-Token":"59b53b7b-65ae-4f77-8005-b255db00b709","Host":"localhost","Accept-Encoding":"gzip, deflate, br","Connection":"keep-alive","Content-Length":"76"}
Intercepted relative path: /reviews
🔐 Headers: {"Authorization":"Bearer eyJ0eXAiOiJKV1QiLCJhbGciOiJIUzI1NiJ9.eyJ1c2VyIjp7ImlkIjoyMCwicm9sZSI6IiIsIm5hbWUiOiJKb2huIERvZWUiLCJlbWFpbCI6ImpvaG5AZXhhbXBsc2UuY29tIn0sImV4cCI6MTc0ODIyMjg0M30.0dCCSTV8dqenE0rW6UBSSGkQwKfZFn0tgt5O_K-hZIM","Content-Type":"application\/json","User-Agent":"PostmanRuntime\/7.44.0","Accept":"*\/*","Postman-Token":"b37c31e2-59bf-4a6c-aaf0-0951aacfbba8","Host":"localhost","Accept-Encoding":"gzip, deflate, br","Connection":"keep-alive","Content-Length":"76"}
🔐 Headers: {"Authorization":"Bearer eyJ0eXAiOiJKV1QiLCJhbGciOiJIUzI1NiJ9.eyJ1c2VyIjp7ImlkIjoyMCwicm9sZSI6IiIsIm5hbWUiOiJKb2huIERvZWUiLCJlbWFpbCI6ImpvaG5AZXhhbXBsc2UuY29tIn0sImV4cCI6MTc0ODIyMjg0M30.0dCCSTV8dqenE0rW6UBSSGkQwKfZFn0tgt5O_K-hZIM","Content-Type":"application\/json","User-Agent":"PostmanRuntime\/7.44.0","Accept":"*\/*","Postman-Token":"b37c31e2-59bf-4a6c-aaf0-0951aacfbba8","Host":"localhost","Accept-Encoding":"gzip, deflate, br","Connection":"keep-alive","Content-Length":"76"}
Intercepted relative path: /reviews
🔐 Headers: {"Authorization":"Bearer eyJ0eXAiOiJKV1QiLCJhbGciOiJIUzI1NiJ9.eyJ1c2VyIjp7ImlkIjoyMCwicm9sZSI6IiIsIm5hbWUiOiJKb2huIERvZWUiLCJlbWFpbCI6ImpvaG5AZXhhbXBsc2UuY29tIn0sImV4cCI6MTc0ODIyMjg0M30.0dCCSTV8dqenE0rW6UBSSGkQwKfZFn0tgt5O_K-hZIM","Content-Type":"application\/json","User-Agent":"PostmanRuntime\/7.44.0","Accept":"*\/*","Postman-Token":"c0f81390-e6df-40bc-b36a-30f660ff4619","Host":"localhost","Accept-Encoding":"gzip, deflate, br","Connection":"keep-alive","Content-Length":"76"}
🔐 Headers: {"Authorization":"Bearer eyJ0eXAiOiJKV1QiLCJhbGciOiJIUzI1NiJ9.eyJ1c2VyIjp7ImlkIjoyMCwicm9sZSI6IiIsIm5hbWUiOiJKb2huIERvZWUiLCJlbWFpbCI6ImpvaG5AZXhhbXBsc2UuY29tIn0sImV4cCI6MTc0ODIyMjg0M30.0dCCSTV8dqenE0rW6UBSSGkQwKfZFn0tgt5O_K-hZIM","Content-Type":"application\/json","User-Agent":"PostmanRuntime\/7.44.0","Accept":"*\/*","Postman-Token":"c0f81390-e6df-40bc-b36a-30f660ff4619","Host":"localhost","Accept-Encoding":"gzip, deflate, br","Connection":"keep-alive","Content-Length":"76"}
Intercepted relative path: /reviews
🔐 Headers: {"Authorization":"Bearer eyJ0eXAiOiJKV1QiLCJhbGciOiJIUzI1NiJ9.eyJ1c2VyIjp7ImlkIjoxOCwicm9sZSI6ImFkbWluIiwibmFtZSI6IkFsaWNlIFNtaXRoIiwiZW1haWwiOiJhbGljZUBleGFtcGxlZXNzZXMuY29tIn0sImV4cCI6MTc0ODE4OTcyMH0.qeBnAWBI5O4YcdjWYhkIlVJcFt142jgs56KOsWUhF5Q","Content-Type":"application\/json","User-Agent":"PostmanRuntime\/7.44.0","Accept":"*\/*","Postman-Token":"a95ef554-b9bb-48ab-85e1-5c2e20ccbf86","Host":"localhost","Accept-Encoding":"gzip, deflate, br","Connection":"keep-alive","Content-Length":"76"}
🔐 Headers: {"Authorization":"Bearer eyJ0eXAiOiJKV1QiLCJhbGciOiJIUzI1NiJ9.eyJ1c2VyIjp7ImlkIjoxOCwicm9sZSI6ImFkbWluIiwibmFtZSI6IkFsaWNlIFNtaXRoIiwiZW1haWwiOiJhbGljZUBleGFtcGxlZXNzZXMuY29tIn0sImV4cCI6MTc0ODE4OTcyMH0.qeBnAWBI5O4YcdjWYhkIlVJcFt142jgs56KOsWUhF5Q","Content-Type":"application\/json","User-Agent":"PostmanRuntime\/7.44.0","Accept":"*\/*","Postman-Token":"a95ef554-b9bb-48ab-85e1-5c2e20ccbf86","Host":"localhost","Accept-Encoding":"gzip, deflate, br","Connection":"keep-alive","Content-Length":"76"}
🔍 Reached /auth/register route
📥 Received data: {"name":"John Does","email":"john@examples.com","password":"secret123","role":"user"}
Entered register() with: {"name":"John Does","email":"john@examples.com","password":"secret123","role":"user"}
Created user: {"id":"21","name":"John Does","email":"john@examples.com","role":"user"}
✅ Registered user: {"id":"21","name":"John Does","email":"john@examples.com","role":"user"}
🔍 Reached /auth/register route
📥 Received data: {"name":"John Doese","email":"john@exampleses.com","password":"secret123","role":"client"}
Entered register() with: {"name":"John Doese","email":"john@exampleses.com","password":"secret123","role":"client"}
Created user: {"id":"22","name":"John Doese","email":"john@exampleses.com","role":"client"}
✅ Registered user: {"id":"22","name":"John Doese","email":"john@exampleses.com","role":"client"}
Login data: {"name":"John Doese","email":"john@exampleses.com","password":"secret123","role":"client"}
Token generated: eyJ0eXAiOiJKV1QiLCJhbGciOiJIUzI1NiJ9.eyJ1c2VyIjp7ImlkIjoyMiwicm9sZSI6ImNsaWVudCIsIm5hbWUiOiJKb2huIERvZXNlIiwiZW1haWwiOiJqb2huQGV4YW1wbGVzZXMuY29tIn0sImV4cCI6MTc0ODIyNDEyM30.gCNTd5i9ZaX_ax9_2Uww2V6XDpuR4wZmrhQcij44Plo
Intercepted relative path: /reviews
🔐 Headers: {"Authorization":"Bearer eyJ0eXAiOiJKV1QiLCJhbGciOiJIUzI1NiJ9.eyJ1c2VyIjp7ImlkIjoyMiwicm9sZSI6ImNsaWVudCIsIm5hbWUiOiJKb2huIERvZXNlIiwiZW1haWwiOiJqb2huQGV4YW1wbGVzZXMuY29tIn0sImV4cCI6MTc0ODIyNDEyM30.gCNTd5i9ZaX_ax9_2Uww2V6XDpuR4wZmrhQcij44Plo","Content-Type":"application\/json","User-Agent":"PostmanRuntime\/7.44.0","Accept":"*\/*","Postman-Token":"31870d4e-4e77-4004-a9be-39063aa291f8","Host":"localhost","Accept-Encoding":"gzip, deflate, br","Connection":"keep-alive","Content-Length":"116"}
🔐 Headers: {"Authorization":"Bearer eyJ0eXAiOiJKV1QiLCJhbGciOiJIUzI1NiJ9.eyJ1c2VyIjp7ImlkIjoyMiwicm9sZSI6ImNsaWVudCIsIm5hbWUiOiJKb2huIERvZXNlIiwiZW1haWwiOiJqb2huQGV4YW1wbGVzZXMuY29tIn0sImV4cCI6MTc0ODIyNDEyM30.gCNTd5i9ZaX_ax9_2Uww2V6XDpuR4wZmrhQcij44Plo","Content-Type":"application\/json","User-Agent":"PostmanRuntime\/7.44.0","Accept":"*\/*","Postman-Token":"31870d4e-4e77-4004-a9be-39063aa291f8","Host":"localhost","Accept-Encoding":"gzip, deflate, br","Connection":"keep-alive","Content-Length":"116"}
Intercepted relative path: /reviews
🔐 Headers: {"Authorization":"Bearer eyJ0eXAiOiJKV1QiLCJhbGciOiJIUzI1NiJ9.eyJ1c2VyIjp7ImlkIjoyMiwicm9sZSI6ImNsaWVudCIsIm5hbWUiOiJKb2huIERvZXNlIiwiZW1haWwiOiJqb2huQGV4YW1wbGVzZXMuY29tIn0sImV4cCI6MTc0ODIyNDEyM30.gCNTd5i9ZaX_ax9_2Uww2V6XDpuR4wZmrhQcij44Plo","Content-Type":"application\/json","User-Agent":"PostmanRuntime\/7.44.0","Accept":"*\/*","Postman-Token":"a7d81866-f3aa-4d7e-b387-86148d82401c","Host":"localhost","Accept-Encoding":"gzip, deflate, br","Connection":"keep-alive","Content-Length":"116"}
🔐 Headers: {"Authorization":"Bearer eyJ0eXAiOiJKV1QiLCJhbGciOiJIUzI1NiJ9.eyJ1c2VyIjp7ImlkIjoyMiwicm9sZSI6ImNsaWVudCIsIm5hbWUiOiJKb2huIERvZXNlIiwiZW1haWwiOiJqb2huQGV4YW1wbGVzZXMuY29tIn0sImV4cCI6MTc0ODIyNDEyM30.gCNTd5i9ZaX_ax9_2Uww2V6XDpuR4wZmrhQcij44Plo","Content-Type":"application\/json","User-Agent":"PostmanRuntime\/7.44.0","Accept":"*\/*","Postman-Token":"a7d81866-f3aa-4d7e-b387-86148d82401c","Host":"localhost","Accept-Encoding":"gzip, deflate, br","Connection":"keep-alive","Content-Length":"116"}
Intercepted relative path: /reviews/2
🔐 Headers: {"Authorization":"Bearer eyJ0eXAiOiJKV1QiLCJhbGciOiJIUzI1NiJ9.eyJ1c2VyIjp7ImlkIjoyMiwicm9sZSI6ImNsaWVudCIsIm5hbWUiOiJKb2huIERvZXNlIiwiZW1haWwiOiJqb2huQGV4YW1wbGVzZXMuY29tIn0sImV4cCI6MTc0ODIyNDEyM30.gCNTd5i9ZaX_ax9_2Uww2V6XDpuR4wZmrhQcij44Plo","Content-Type":"application\/json","User-Agent":"PostmanRuntime\/7.44.0","Accept":"*\/*","Postman-Token":"396f5f45-afd1-4ac8-a90d-b19ca1f6aa1c","Host":"localhost","Accept-Encoding":"gzip, deflate, br","Connection":"keep-alive","Content-Length":"116"}
Intercepted relative path: /reviews/3
🔐 Headers: {"Authorization":"Bearer eyJ0eXAiOiJKV1QiLCJhbGciOiJIUzI1NiJ9.eyJ1c2VyIjp7ImlkIjoyMiwicm9sZSI6ImNsaWVudCIsIm5hbWUiOiJKb2huIERvZXNlIiwiZW1haWwiOiJqb2huQGV4YW1wbGVzZXMuY29tIn0sImV4cCI6MTc0ODIyNDEyM30.gCNTd5i9ZaX_ax9_2Uww2V6XDpuR4wZmrhQcij44Plo","Content-Type":"application\/json","User-Agent":"PostmanRuntime\/7.44.0","Accept":"*\/*","Postman-Token":"6a880242-9ffe-44a0-8f57-dd9c25ef6764","Host":"localhost","Accept-Encoding":"gzip, deflate, br","Connection":"keep-alive","Content-Length":"116"}
Intercepted relative path: /reviews/4
🔐 Headers: {"Authorization":"Bearer eyJ0eXAiOiJKV1QiLCJhbGciOiJIUzI1NiJ9.eyJ1c2VyIjp7ImlkIjoyMiwicm9sZSI6ImNsaWVudCIsIm5hbWUiOiJKb2huIERvZXNlIiwiZW1haWwiOiJqb2huQGV4YW1wbGVzZXMuY29tIn0sImV4cCI6MTc0ODIyNDEyM30.gCNTd5i9ZaX_ax9_2Uww2V6XDpuR4wZmrhQcij44Plo","Content-Type":"application\/json","User-Agent":"PostmanRuntime\/7.44.0","Accept":"*\/*","Postman-Token":"6b0acad8-e75c-48b1-a46f-c1018d93c957","Host":"localhost","Accept-Encoding":"gzip, deflate, br","Connection":"keep-alive","Content-Length":"116"}
Intercepted relative path: /reviews
🔐 Headers: {"Authorization":"Bearer eyJ0eXAiOiJKV1QiLCJhbGciOiJIUzI1NiJ9.eyJ1c2VyIjp7ImlkIjoyMiwicm9sZSI6ImNsaWVudCIsIm5hbWUiOiJKb2huIERvZXNlIiwiZW1haWwiOiJqb2huQGV4YW1wbGVzZXMuY29tIn0sImV4cCI6MTc0ODIyNDEyM30.gCNTd5i9ZaX_ax9_2Uww2V6XDpuR4wZmrhQcij44Plo","Content-Type":"application\/json","User-Agent":"PostmanRuntime\/7.44.0","Accept":"*\/*","Postman-Token":"7791b616-f81e-4422-81f9-db6f8e4d2327","Host":"localhost","Accept-Encoding":"gzip, deflate, br","Connection":"keep-alive","Content-Length":"116"}
🔐 Headers: {"Authorization":"Bearer eyJ0eXAiOiJKV1QiLCJhbGciOiJIUzI1NiJ9.eyJ1c2VyIjp7ImlkIjoyMiwicm9sZSI6ImNsaWVudCIsIm5hbWUiOiJKb2huIERvZXNlIiwiZW1haWwiOiJqb2huQGV4YW1wbGVzZXMuY29tIn0sImV4cCI6MTc0ODIyNDEyM30.gCNTd5i9ZaX_ax9_2Uww2V6XDpuR4wZmrhQcij44Plo","Content-Type":"application\/json","User-Agent":"PostmanRuntime\/7.44.0","Accept":"*\/*","Postman-Token":"7791b616-f81e-4422-81f9-db6f8e4d2327","Host":"localhost","Accept-Encoding":"gzip, deflate, br","Connection":"keep-alive","Content-Length":"116"}
Intercepted relative path: /reviews
🔐 Headers: {"Authorization":"Bearer eyJ0eXAiOiJKV1QiLCJhbGciOiJIUzI1NiJ9.eyJ1c2VyIjp7ImlkIjoyMiwicm9sZSI6ImNsaWVudCIsIm5hbWUiOiJKb2huIERvZXNlIiwiZW1haWwiOiJqb2huQGV4YW1wbGVzZXMuY29tIn0sImV4cCI6MTc0ODIyNDEyM30.gCNTd5i9ZaX_ax9_2Uww2V6XDpuR4wZmrhQcij44Plo","Content-Type":"application\/json","User-Agent":"PostmanRuntime\/7.44.0","Accept":"*\/*","Postman-Token":"e80860e4-6285-4f34-932c-9e9d472b3854","Host":"localhost","Accept-Encoding":"gzip, deflate, br","Connection":"keep-alive","Content-Length":"131"}
🔐 Headers: {"Authorization":"Bearer eyJ0eXAiOiJKV1QiLCJhbGciOiJIUzI1NiJ9.eyJ1c2VyIjp7ImlkIjoyMiwicm9sZSI6ImNsaWVudCIsIm5hbWUiOiJKb2huIERvZXNlIiwiZW1haWwiOiJqb2huQGV4YW1wbGVzZXMuY29tIn0sImV4cCI6MTc0ODIyNDEyM30.gCNTd5i9ZaX_ax9_2Uww2V6XDpuR4wZmrhQcij44Plo","Content-Type":"application\/json","User-Agent":"PostmanRuntime\/7.44.0","Accept":"*\/*","Postman-Token":"e80860e4-6285-4f34-932c-9e9d472b3854","Host":"localhost","Accept-Encoding":"gzip, deflate, br","Connection":"keep-alive","Content-Length":"131"}
Intercepted relative path: /reviews
🔐 Headers: {"Authorization":"Bearer eyJ0eXAiOiJKV1QiLCJhbGciOiJIUzI1NiJ9.eyJ1c2VyIjp7ImlkIjoyMiwicm9sZSI6ImNsaWVudCIsIm5hbWUiOiJKb2huIERvZXNlIiwiZW1haWwiOiJqb2huQGV4YW1wbGVzZXMuY29tIn0sImV4cCI6MTc0ODIyNDEyM30.gCNTd5i9ZaX_ax9_2Uww2V6XDpuR4wZmrhQcij44Plo","Content-Type":"application\/json","User-Agent":"PostmanRuntime\/7.44.0","Accept":"*\/*","Postman-Token":"25bbed5d-32da-46c1-8df0-e94a7adc9fa3","Host":"localhost","Accept-Encoding":"gzip, deflate, br","Connection":"keep-alive","Content-Length":"131"}
🔐 Headers: {"Authorization":"Bearer eyJ0eXAiOiJKV1QiLCJhbGciOiJIUzI1NiJ9.eyJ1c2VyIjp7ImlkIjoyMiwicm9sZSI6ImNsaWVudCIsIm5hbWUiOiJKb2huIERvZXNlIiwiZW1haWwiOiJqb2huQGV4YW1wbGVzZXMuY29tIn0sImV4cCI6MTc0ODIyNDEyM30.gCNTd5i9ZaX_ax9_2Uww2V6XDpuR4wZmrhQcij44Plo","Content-Type":"application\/json","User-Agent":"PostmanRuntime\/7.44.0","Accept":"*\/*","Postman-Token":"25bbed5d-32da-46c1-8df0-e94a7adc9fa3","Host":"localhost","Accept-Encoding":"gzip, deflate, br","Connection":"keep-alive","Content-Length":"131"}
Intercepted relative path: /reviews
🔐 Headers: {"Authorization":"Bearer eyJ0eXAiOiJKV1QiLCJhbGciOiJIUzI1NiJ9.eyJ1c2VyIjp7ImlkIjoyMiwicm9sZSI6ImNsaWVudCIsIm5hbWUiOiJKb2huIERvZXNlIiwiZW1haWwiOiJqb2huQGV4YW1wbGVzZXMuY29tIn0sImV4cCI6MTc0ODIyNDEyM30.gCNTd5i9ZaX_ax9_2Uww2V6XDpuR4wZmrhQcij44Plo","Content-Type":"application\/json","User-Agent":"PostmanRuntime\/7.44.0","Accept":"*\/*","Postman-Token":"bab7f9c1-b924-43b2-8363-6f14391c3a75","Host":"localhost","Accept-Encoding":"gzip, deflate, br","Connection":"keep-alive","Content-Length":"131"}
🔐 Headers: {"Authorization":"Bearer eyJ0eXAiOiJKV1QiLCJhbGciOiJIUzI1NiJ9.eyJ1c2VyIjp7ImlkIjoyMiwicm9sZSI6ImNsaWVudCIsIm5hbWUiOiJKb2huIERvZXNlIiwiZW1haWwiOiJqb2huQGV4YW1wbGVzZXMuY29tIn0sImV4cCI6MTc0ODIyNDEyM30.gCNTd5i9ZaX_ax9_2Uww2V6XDpuR4wZmrhQcij44Plo","Content-Type":"application\/json","User-Agent":"PostmanRuntime\/7.44.0","Accept":"*\/*","Postman-Token":"bab7f9c1-b924-43b2-8363-6f14391c3a75","Host":"localhost","Accept-Encoding":"gzip, deflate, br","Connection":"keep-alive","Content-Length":"131"}
Intercepted relative path: /users
🔐 Headers: {"Authorization":"Bearer eyJ0eXAiOiJKV1QiLCJhbGciOiJIUzI1NiJ9.eyJ1c2VyIjp7ImlkIjoyMiwicm9sZSI6ImNsaWVudCIsIm5hbWUiOiJKb2huIERvZXNlIiwiZW1haWwiOiJqb2huQGV4YW1wbGVzZXMuY29tIn0sImV4cCI6MTc0ODIyNDEyM30.gCNTd5i9ZaX_ax9_2Uww2V6XDpuR4wZmrhQcij44Plo","Content-Type":"application\/json","User-Agent":"PostmanRuntime\/7.44.0","Accept":"*\/*","Postman-Token":"dfcc59de-b3bb-4c0b-a3d5-26d4dce5c4ae","Host":"localhost","Accept-Encoding":"gzip, deflate, br","Connection":"keep-alive","Content-Length":"131"}
🔐 Headers: {"Authorization":"Bearer eyJ0eXAiOiJKV1QiLCJhbGciOiJIUzI1NiJ9.eyJ1c2VyIjp7ImlkIjoyMiwicm9sZSI6ImNsaWVudCIsIm5hbWUiOiJKb2huIERvZXNlIiwiZW1haWwiOiJqb2huQGV4YW1wbGVzZXMuY29tIn0sImV4cCI6MTc0ODIyNDEyM30.gCNTd5i9ZaX_ax9_2Uww2V6XDpuR4wZmrhQcij44Plo","Content-Type":"application\/json","User-Agent":"PostmanRuntime\/7.44.0","Accept":"*\/*","Postman-Token":"dfcc59de-b3bb-4c0b-a3d5-26d4dce5c4ae","Host":"localhost","Accept-Encoding":"gzip, deflate, br","Connection":"keep-alive","Content-Length":"131"}
Intercepted relative path: /bookings
🔐 Headers: {"Authorization":"Bearer eyJ0eXAiOiJKV1QiLCJhbGciOiJIUzI1NiJ9.eyJ1c2VyIjp7ImlkIjoyMiwicm9sZSI6ImNsaWVudCIsIm5hbWUiOiJKb2huIERvZXNlIiwiZW1haWwiOiJqb2huQGV4YW1wbGVzZXMuY29tIn0sImV4cCI6MTc0ODIyNDEyM30.gCNTd5i9ZaX_ax9_2Uww2V6XDpuR4wZmrhQcij44Plo","Content-Type":"application\/json","User-Agent":"PostmanRuntime\/7.44.0","Accept":"*\/*","Postman-Token":"6667051f-3975-4e09-ba48-f2a18207d3f5","Host":"localhost","Accept-Encoding":"gzip, deflate, br","Connection":"keep-alive","Content-Length":"131"}
🔐 Headers: {"Authorization":"Bearer eyJ0eXAiOiJKV1QiLCJhbGciOiJIUzI1NiJ9.eyJ1c2VyIjp7ImlkIjoyMiwicm9sZSI6ImNsaWVudCIsIm5hbWUiOiJKb2huIERvZXNlIiwiZW1haWwiOiJqb2huQGV4YW1wbGVzZXMuY29tIn0sImV4cCI6MTc0ODIyNDEyM30.gCNTd5i9ZaX_ax9_2Uww2V6XDpuR4wZmrhQcij44Plo","Content-Type":"application\/json","User-Agent":"PostmanRuntime\/7.44.0","Accept":"*\/*","Postman-Token":"6667051f-3975-4e09-ba48-f2a18207d3f5","Host":"localhost","Accept-Encoding":"gzip, deflate, br","Connection":"keep-alive","Content-Length":"131"}
Intercepted relative path: /bookings
🔐 Headers: {"Authorization":"Bearer eyJ0eXAiOiJKV1QiLCJhbGciOiJIUzI1NiJ9.eyJ1c2VyIjp7ImlkIjoyMiwicm9sZSI6ImNsaWVudCIsIm5hbWUiOiJKb2huIERvZXNlIiwiZW1haWwiOiJqb2huQGV4YW1wbGVzZXMuY29tIn0sImV4cCI6MTc0ODIyNDEyM30.gCNTd5i9ZaX_ax9_2Uww2V6XDpuR4wZmrhQcij44Plo","Content-Type":"application\/json","User-Agent":"PostmanRuntime\/7.44.0","Accept":"*\/*","Postman-Token":"13fff9e9-6f81-40bd-8f54-e6d7c20fea2a","Host":"localhost","Accept-Encoding":"gzip, deflate, br","Connection":"keep-alive","Content-Length":"131"}
🔐 Headers: {"Authorization":"Bearer eyJ0eXAiOiJKV1QiLCJhbGciOiJIUzI1NiJ9.eyJ1c2VyIjp7ImlkIjoyMiwicm9sZSI6ImNsaWVudCIsIm5hbWUiOiJKb2huIERvZXNlIiwiZW1haWwiOiJqb2huQGV4YW1wbGVzZXMuY29tIn0sImV4cCI6MTc0ODIyNDEyM30.gCNTd5i9ZaX_ax9_2Uww2V6XDpuR4wZmrhQcij44Plo","Content-Type":"application\/json","User-Agent":"PostmanRuntime\/7.44.0","Accept":"*\/*","Postman-Token":"13fff9e9-6f81-40bd-8f54-e6d7c20fea2a","Host":"localhost","Accept-Encoding":"gzip, deflate, br","Connection":"keep-alive","Content-Length":"131"}
Intercepted relative path: /auth/login
Intercepted relative path: /auth/login
Login data: {"email":"alice@exampleesses.com","password":"secret123"}
Token generated: eyJ0eXAiOiJKV1QiLCJhbGciOiJIUzI1NiJ9.eyJ1c2VyIjp7ImlkIjoxOCwicm9sZSI6ImFkbWluIiwibmFtZSI6IkFsaWNlIFNtaXRoIiwiZW1haWwiOiJhbGljZUBleGFtcGxlZXNzZXMuY29tIn0sImV4cCI6MTc0ODI1NDg3Nn0.nRBrVqEyRXEQRgPwHNxoq5wpgDX_GGUPDFu_WMCPYpI
Intercepted relative path: /users
🔐 Headers: {"Authorization":"Bearer eyJ0eXAiOiJKV1QiLCJhbGciOiJIUzI1NiJ9.eyJ1c2VyIjp7ImlkIjoyMiwicm9sZSI6ImNsaWVudCIsIm5hbWUiOiJKb2huIERvZXNlIiwiZW1haWwiOiJqb2huQGV4YW1wbGVzZXMuY29tIn0sImV4cCI6MTc0ODIyNDEyM30.gCNTd5i9ZaX_ax9_2Uww2V6XDpuR4wZmrhQcij44Plo","Content-Type":"application\/json","User-Agent":"PostmanRuntime\/7.44.0","Accept":"*\/*","Postman-Token":"de024f06-26f0-4bca-b269-b1a0f17af5c3","Host":"localhost","Accept-Encoding":"gzip, deflate, br","Connection":"keep-alive","Content-Length":"73"}
🔐 Headers: {"Authorization":"Bearer eyJ0eXAiOiJKV1QiLCJhbGciOiJIUzI1NiJ9.eyJ1c2VyIjp7ImlkIjoyMiwicm9sZSI6ImNsaWVudCIsIm5hbWUiOiJKb2huIERvZXNlIiwiZW1haWwiOiJqb2huQGV4YW1wbGVzZXMuY29tIn0sImV4cCI6MTc0ODIyNDEyM30.gCNTd5i9ZaX_ax9_2Uww2V6XDpuR4wZmrhQcij44Plo","Content-Type":"application\/json","User-Agent":"PostmanRuntime\/7.44.0","Accept":"*\/*","Postman-Token":"de024f06-26f0-4bca-b269-b1a0f17af5c3","Host":"localhost","Accept-Encoding":"gzip, deflate, br","Connection":"keep-alive","Content-Length":"73"}
Intercepted relative path: /users
🔐 Headers: {"Authorization":"Bearer eyJ0eXAiOiJKV1QiLCJhbGciOiJIUzI1NiJ9.eyJ1c2VyIjp7ImlkIjoyMiwicm9sZSI6ImNsaWVudCIsIm5hbWUiOiJKb2huIERvZXNlIiwiZW1haWwiOiJqb2huQGV4YW1wbGVzZXMuY29tIn0sImV4cCI6MTc0ODIyNDEyM30.gCNTd5i9ZaX_ax9_2Uww2V6XDpuR4wZmrhQcij44Plo","Content-Type":"application\/json","User-Agent":"PostmanRuntime\/7.44.0","Accept":"*\/*","Postman-Token":"986a27bc-51c8-4891-ab3c-86946827b2ac","Host":"localhost","Accept-Encoding":"gzip, deflate, br","Connection":"keep-alive","Content-Length":"73"}
🔐 Headers: {"Authorization":"Bearer eyJ0eXAiOiJKV1QiLCJhbGciOiJIUzI1NiJ9.eyJ1c2VyIjp7ImlkIjoyMiwicm9sZSI6ImNsaWVudCIsIm5hbWUiOiJKb2huIERvZXNlIiwiZW1haWwiOiJqb2huQGV4YW1wbGVzZXMuY29tIn0sImV4cCI6MTc0ODIyNDEyM30.gCNTd5i9ZaX_ax9_2Uww2V6XDpuR4wZmrhQcij44Plo","Content-Type":"application\/json","User-Agent":"PostmanRuntime\/7.44.0","Accept":"*\/*","Postman-Token":"986a27bc-51c8-4891-ab3c-86946827b2ac","Host":"localhost","Accept-Encoding":"gzip, deflate, br","Connection":"keep-alive","Content-Length":"73"}
Intercepted relative path: /users
🔐 Headers: {"Authorization":"Bearer eyJ0eXAiOiJKV1QiLCJhbGciOiJIUzI1NiJ9.eyJ1c2VyIjp7ImlkIjoyMiwicm9sZSI6ImNsaWVudCIsIm5hbWUiOiJKb2huIERvZXNlIiwiZW1haWwiOiJqb2huQGV4YW1wbGVzZXMuY29tIn0sImV4cCI6MTc0ODIyNDEyM30.gCNTd5i9ZaX_ax9_2Uww2V6XDpuR4wZmrhQcij44Plo","Content-Type":"application\/json","User-Agent":"PostmanRuntime\/7.44.0","Accept":"*\/*","Postman-Token":"b84d25c4-644e-40f3-8d03-76a7fe5019ab","Host":"localhost","Accept-Encoding":"gzip, deflate, br","Connection":"keep-alive","Content-Length":"73"}
🔐 Headers: {"Authorization":"Bearer eyJ0eXAiOiJKV1QiLCJhbGciOiJIUzI1NiJ9.eyJ1c2VyIjp7ImlkIjoyMiwicm9sZSI6ImNsaWVudCIsIm5hbWUiOiJKb2huIERvZXNlIiwiZW1haWwiOiJqb2huQGV4YW1wbGVzZXMuY29tIn0sImV4cCI6MTc0ODIyNDEyM30.gCNTd5i9ZaX_ax9_2Uww2V6XDpuR4wZmrhQcij44Plo","Content-Type":"application\/json","User-Agent":"PostmanRuntime\/7.44.0","Accept":"*\/*","Postman-Token":"b84d25c4-644e-40f3-8d03-76a7fe5019ab","Host":"localhost","Accept-Encoding":"gzip, deflate, br","Connection":"keep-alive","Content-Length":"73"}
Intercepted relative path: /users
🔐 Headers: {"Authorization":"Bearer eyJ0eXAiOiJKV1QiLCJhbGciOiJIUzI1NiJ9.eyJ1c2VyIjp7ImlkIjoyMiwicm9sZSI6ImNsaWVudCIsIm5hbWUiOiJKb2huIERvZXNlIiwiZW1haWwiOiJqb2huQGV4YW1wbGVzZXMuY29tIn0sImV4cCI6MTc0ODIyNDEyM30.gCNTd5i9ZaX_ax9_2Uww2V6XDpuR4wZmrhQcij44Plo","Content-Type":"application\/json","User-Agent":"PostmanRuntime\/7.44.0","Accept":"*\/*","Postman-Token":"0f1bce21-98f8-4461-bbe4-cd6a65fe08bc","Host":"localhost","Accept-Encoding":"gzip, deflate, br","Connection":"keep-alive","Content-Length":"73"}
🔐 Headers: {"Authorization":"Bearer eyJ0eXAiOiJKV1QiLCJhbGciOiJIUzI1NiJ9.eyJ1c2VyIjp7ImlkIjoyMiwicm9sZSI6ImNsaWVudCIsIm5hbWUiOiJKb2huIERvZXNlIiwiZW1haWwiOiJqb2huQGV4YW1wbGVzZXMuY29tIn0sImV4cCI6MTc0ODIyNDEyM30.gCNTd5i9ZaX_ax9_2Uww2V6XDpuR4wZmrhQcij44Plo","Content-Type":"application\/json","User-Agent":"PostmanRuntime\/7.44.0","Accept":"*\/*","Postman-Token":"0f1bce21-98f8-4461-bbe4-cd6a65fe08bc","Host":"localhost","Accept-Encoding":"gzip, deflate, br","Connection":"keep-alive","Content-Length":"73"}
Login data: {"email":"alice@exampleesses.com","password":"secret123"}
Token generated: eyJ0eXAiOiJKV1QiLCJhbGciOiJIUzI1NiJ9.eyJ1c2VyIjp7ImlkIjoxOCwicm9sZSI6ImFkbWluIiwibmFtZSI6IkFsaWNlIFNtaXRoIiwiZW1haWwiOiJhbGljZUBleGFtcGxlZXNzZXMuY29tIn0sImV4cCI6MTc0ODI1NDkzNX0.VKrvj2JUhJsJPY-F06q1UknKfsyWfmYEzTJ7j-ittPc
Intercepted relative path: /users
🔐 Headers: {"Authorization":"Bearer eyJ0eXAiOiJKV1QiLCJhbGciOiJIUzI1NiJ9.eyJ1c2VyIjp7ImlkIjoxOCwicm9sZSI6ImFkbWluIiwibmFtZSI6IkFsaWNlIFNtaXRoIiwiZW1haWwiOiJhbGljZUBleGFtcGxlZXNzZXMuY29tIn0sImV4cCI6MTc0ODI1NDkzNX0.VKrvj2JUhJsJPY-F06q1UknKfsyWfmYEzTJ7j-ittPc","Content-Type":"application\/json","User-Agent":"PostmanRuntime\/7.44.0","Accept":"*\/*","Postman-Token":"0b1068fb-e82a-414f-876b-b3bb28dc95d1","Host":"localhost","Accept-Encoding":"gzip, deflate, br","Connection":"keep-alive","Content-Length":"73"}
🔐 Headers: {"Authorization":"Bearer eyJ0eXAiOiJKV1QiLCJhbGciOiJIUzI1NiJ9.eyJ1c2VyIjp7ImlkIjoxOCwicm9sZSI6ImFkbWluIiwibmFtZSI6IkFsaWNlIFNtaXRoIiwiZW1haWwiOiJhbGljZUBleGFtcGxlZXNzZXMuY29tIn0sImV4cCI6MTc0ODI1NDkzNX0.VKrvj2JUhJsJPY-F06q1UknKfsyWfmYEzTJ7j-ittPc","Content-Type":"application\/json","User-Agent":"PostmanRuntime\/7.44.0","Accept":"*\/*","Postman-Token":"0b1068fb-e82a-414f-876b-b3bb28dc95d1","Host":"localhost","Accept-Encoding":"gzip, deflate, br","Connection":"keep-alive","Content-Length":"73"}
👤 User from token: {"id":18,"role":"admin","name":"Alice Smith","email":"alice@exampleesses.com"}
📋 Users from DB: [{"id":2,"name":"John Doe","email":"john@example.com","role":""},{"id":3,"name":"Alice Smith","email":"alice.smith@example.com","role":"admin"},{"id":4,"name":"Jane Doe","email":"jane@example.com","role":""},{"id":5,"name":"John Doea","email":"johne@eexampleee.com","role":""},{"id":6,"name":"John Doea","email":"johne@eexample.com","role":""},{"id":7,"name":"Alice Smith","email":"alice@pesd.com","role":""},{"id":8,"name":"Alice Smith","email":"alice@ERS.com","role":""},{"id":9,"name":"Alice Smith","email":"alice@ERSs.com","role":""},{"id":10,"name":"Alice Smith","email":"alice@examplex.com","role":""},{"id":11,"name":"Alice Smith","email":"alice@example.com","role":""},{"id":13,"name":"Alice Smith","email":"alice@examplee.com","role":""},{"id":14,"name":"Alice Smith","email":"alice@examplees.com","role":""},{"id":15,"name":"Alice Smith","email":"alice@exampleess.com","role":""},{"id":16,"name":"Alice Smith","email":"alice@exampl.com","role":"admin"},{"id":18,"name":"Alice Smith","email":"alice@exampleesses.com","role":"admin"},{"id":19,"name":"Alice Smith","email":"alice@exampleeses.com","role":""},{"id":20,"name":"John Doee","email":"john@examplse.com","role":""},{"id":21,"name":"John Does","email":"john@examples.com","role":""},{"id":22,"name":"John Doese","email":"john@exampleses.com","role":"client"},{"id":24,"name":"arnes","email":"rastodesdasd","role":"client"},{"id":25,"name":"srdsa","email":"arnes@sdas","role":"client"},{"id":27,"name":"123","email":"wqe","role":"client"},{"id":29,"name":"asdsad","email":"qwewq","role":"client"},{"id":30,"name":"123","email":"wqewq","role":"client"},{"id":31,"name":"qwe","email":"qwe2","role":"client"},{"id":32,"name":"arnes","email":"arnes@asrsda.com","role":"client"}]
🔍 Reached /auth/register route
📥 Received data: {"name":"Jane Doees","email":"jane@exampleasd.com","password":"12344","role":"client"}
Entered register() with: {"name":"Jane Doees","email":"jane@exampleasd.com","password":"12344","role":"client"}
❌ Register failed: Password must be at least 6 characters
🔍 Reached /auth/register route
📥 Received data: {"name":"Jane Doees","email":"jane@exampleasd.com","password":"12344sad","role":"client"}
Entered register() with: {"name":"Jane Doees","email":"jane@exampleasd.com","password":"12344sad","role":"client"}
Created user: {"id":"34","name":"Jane Doees","email":"jane@exampleasd.com","role":"client"}
✅ Registered user: {"id":"34","name":"Jane Doees","email":"jane@exampleasd.com","role":"client"}
Login data: {"email":"alice@exampleesses.com","password":"secret123"}
Token generated: eyJ0eXAiOiJKV1QiLCJhbGciOiJIUzI1NiJ9.eyJ1c2VyIjp7ImlkIjoxOCwicm9sZSI6ImFkbWluIiwibmFtZSI6IkFsaWNlIFNtaXRoIiwiZW1haWwiOiJhbGljZUBleGFtcGxlZXNzZXMuY29tIn0sImV4cCI6MTc0ODI1Nzg3M30.6irevyrON6ZkoAaPCkfe7ajZQRUJcULjVUBUXLIoY-0
Intercepted relative path: /cars?{}
🔐 Headers: {"Host":"localhost","Connection":"keep-alive","sec-ch-ua-platform":"\"Windows\"","Authorization":"Bearer eyJ0eXAiOiJKV1QiLCJhbGciOiJIUzI1NiJ9.eyJ1c2VyIjp7ImlkIjoxOCwicm9sZSI6ImFkbWluIiwibmFtZSI6IkFsaWNlIFNtaXRoIiwiZW1haWwiOiJhbGljZUBleGFtcGxlZXNzZXMuY29tIn0sImV4cCI6MTc0ODI1Nzg3M30.6irevyrON6ZkoAaPCkfe7ajZQRUJcULjVUBUXLIoY-0","sec-ch-ua":"\"Chromium\";v=\"136\", \"Google Chrome\";v=\"136\", \"Not.A\/Brand\";v=\"99\"","sec-ch-ua-mobile":"?0","X-Requested-With":"XMLHttpRequest","User-Agent":"Mozilla\/5.0 (Windows NT 10.0; Win64; x64) AppleWebKit\/537.36 (KHTML, like Gecko) Chrome\/136.0.0.0 Safari\/537.36","Accept":"*\/*","Content-Type":"application\/json","Sec-Fetch-Site":"same-origin","Sec-Fetch-Mode":"cors","Sec-Fetch-Dest":"empty","Referer":"http:\/\/localhost\/carRental\/frontend\/index.html?","Accept-Encoding":"gzip, deflate, br, zstd","Accept-Language":"en-US,en;q=0.9,hr;q=0.8"}
🔐 Headers: {"Host":"localhost","Connection":"keep-alive","sec-ch-ua-platform":"\"Windows\"","Authorization":"Bearer eyJ0eXAiOiJKV1QiLCJhbGciOiJIUzI1NiJ9.eyJ1c2VyIjp7ImlkIjoxOCwicm9sZSI6ImFkbWluIiwibmFtZSI6IkFsaWNlIFNtaXRoIiwiZW1haWwiOiJhbGljZUBleGFtcGxlZXNzZXMuY29tIn0sImV4cCI6MTc0ODI1Nzg3M30.6irevyrON6ZkoAaPCkfe7ajZQRUJcULjVUBUXLIoY-0","sec-ch-ua":"\"Chromium\";v=\"136\", \"Google Chrome\";v=\"136\", \"Not.A\/Brand\";v=\"99\"","sec-ch-ua-mobile":"?0","X-Requested-With":"XMLHttpRequest","User-Agent":"Mozilla\/5.0 (Windows NT 10.0; Win64; x64) AppleWebKit\/537.36 (KHTML, like Gecko) Chrome\/136.0.0.0 Safari\/537.36","Accept":"*\/*","Content-Type":"application\/json","Sec-Fetch-Site":"same-origin","Sec-Fetch-Mode":"cors","Sec-Fetch-Dest":"empty","Referer":"http:\/\/localhost\/carRental\/frontend\/index.html?","Accept-Encoding":"gzip, deflate, br, zstd","Accept-Language":"en-US,en;q=0.9,hr;q=0.8"}
